d:\devdragon\xashfe\dev\src\temp\dlls\!debug\hl.bsc
d:\devdragon\xashfe\dev\src\temp\dlls\!debug\vc143.pdb
d:\devdragon\xashfe\dev\src\temp\dlls\!debug\vc143.idb
d:\devdragon\xashfe\dev\src\temp\dlls\!debug\zombie.sbr
d:\devdragon\xashfe\dev\src\temp\dlls\!debug\xen.sbr
d:\devdragon\xashfe\dev\src\temp\dlls\!debug\world.sbr
d:\devdragon\xashfe\dev\src\temp\dlls\!debug\weapons.sbr
d:\devdragon\xashfe\dev\src\temp\dlls\!debug\weaponenum.sbr
d:\devdragon\xashfe\dev\src\temp\dlls\!debug\util.sbr
d:\devdragon\xashfe\dev\src\temp\dlls\!debug\turret.sbr
d:\devdragon\xashfe\dev\src\temp\dlls\!debug\tripmine.sbr
d:\devdragon\xashfe\dev\src\temp\dlls\!debug\triggers.sbr
d:\devdragon\xashfe\dev\src\temp\dlls\!debug\tentacle.sbr
d:\devdragon\xashfe\dev\src\temp\dlls\!debug\tempmonster.sbr
d:\devdragon\xashfe\dev\src\temp\dlls\!debug\teamplay_gamerules.sbr
d:\devdragon\xashfe\dev\src\temp\dlls\!debug\talkmonster.sbr
d:\devdragon\xashfe\dev\src\temp\dlls\!debug\subs.sbr
d:\devdragon\xashfe\dev\src\temp\dlls\!debug\squeakgrenade.sbr
d:\devdragon\xashfe\dev\src\temp\dlls\!debug\squadmonster.sbr
d:\devdragon\xashfe\dev\src\temp\dlls\!debug\spectator.sbr
d:\devdragon\xashfe\dev\src\temp\dlls\!debug\soundent.sbr
d:\devdragon\xashfe\dev\src\temp\dlls\!debug\sound.sbr
d:\devdragon\xashfe\dev\src\temp\dlls\!debug\skill.sbr
d:\devdragon\xashfe\dev\src\temp\dlls\!debug\skill.obj
d:\devdragon\xashfe\dev\src\temp\dlls\!debug\sound.obj
d:\devdragon\xashfe\dev\src\temp\dlls\!debug\soundent.obj
d:\devdragon\xashfe\dev\src\temp\dlls\!debug\spectator.obj
d:\devdragon\xashfe\dev\src\temp\dlls\!debug\squadmonster.obj
d:\devdragon\xashfe\dev\src\temp\dlls\!debug\squeakgrenade.obj
d:\devdragon\xashfe\dev\src\temp\dlls\!debug\subs.obj
d:\devdragon\xashfe\dev\src\temp\dlls\!debug\talkmonster.obj
d:\devdragon\xashfe\dev\src\temp\dlls\!debug\teamplay_gamerules.obj
d:\devdragon\xashfe\dev\src\temp\dlls\!debug\tempmonster.obj
d:\devdragon\xashfe\dev\src\temp\dlls\!debug\tentacle.obj
d:\devdragon\xashfe\dev\src\temp\dlls\!debug\triggers.obj
d:\devdragon\xashfe\dev\src\temp\dlls\!debug\tripmine.obj
d:\devdragon\xashfe\dev\src\temp\dlls\!debug\turret.obj
d:\devdragon\xashfe\dev\src\temp\dlls\!debug\util.obj
d:\devdragon\xashfe\dev\src\temp\dlls\!debug\weaponenum.obj
d:\devdragon\xashfe\dev\src\temp\dlls\!debug\weapons.obj
d:\devdragon\xashfe\dev\src\temp\dlls\!debug\world.obj
d:\devdragon\xashfe\dev\src\temp\dlls\!debug\xen.obj
d:\devdragon\xashfe\dev\src\temp\dlls\!debug\zombie.obj
d:\devdragon\xashfe\dev\src\temp\dlls\!debug\singleplay_gamerules.sbr
d:\devdragon\xashfe\dev\src\temp\dlls\!debug\shotgun.sbr
d:\devdragon\xashfe\dev\src\temp\dlls\!debug\scripted.sbr
d:\devdragon\xashfe\dev\src\temp\dlls\!debug\scientist.sbr
d:\devdragon\xashfe\dev\src\temp\dlls\!debug\schedule.sbr
d:\devdragon\xashfe\dev\src\temp\dlls\!debug\satchel.sbr
d:\devdragon\xashfe\dev\src\temp\dlls\!debug\rpg.sbr
d:\devdragon\xashfe\dev\src\temp\dlls\!debug\roach.sbr
d:\devdragon\xashfe\dev\src\temp\dlls\!debug\rat.sbr
d:\devdragon\xashfe\dev\src\temp\dlls\!debug\question.sbr
d:\devdragon\xashfe\dev\src\temp\dlls\!debug\python.sbr
d:\devdragon\xashfe\dev\src\temp\dlls\!debug\player.sbr
d:\devdragon\xashfe\dev\src\temp\dlls\!debug\plats.sbr
d:\devdragon\xashfe\dev\src\temp\dlls\!debug\plane.sbr
d:\devdragon\xashfe\dev\src\temp\dlls\!debug\pathcorner.sbr
d:\devdragon\xashfe\dev\src\temp\dlls\!debug\osprey.sbr
d:\devdragon\xashfe\dev\src\temp\dlls\!debug\nodes.sbr
d:\devdragon\xashfe\dev\src\temp\dlls\!debug\nihilanth.sbr
d:\devdragon\xashfe\dev\src\temp\dlls\!debug\multiplay_gamerules.sbr
d:\devdragon\xashfe\dev\src\temp\dlls\!debug\mp5.sbr
d:\devdragon\xashfe\dev\src\temp\dlls\!debug\mp5.obj
d:\devdragon\xashfe\dev\src\temp\dlls\!debug\multiplay_gamerules.obj
d:\devdragon\xashfe\dev\src\temp\dlls\!debug\nihilanth.obj
d:\devdragon\xashfe\dev\src\temp\dlls\!debug\nodes.obj
d:\devdragon\xashfe\dev\src\temp\dlls\!debug\osprey.obj
d:\devdragon\xashfe\dev\src\temp\dlls\!debug\pathcorner.obj
d:\devdragon\xashfe\dev\src\temp\dlls\!debug\plane.obj
d:\devdragon\xashfe\dev\src\temp\dlls\!debug\plats.obj
d:\devdragon\xashfe\dev\src\temp\dlls\!debug\player.obj
d:\devdragon\xashfe\dev\src\temp\dlls\!debug\python.obj
d:\devdragon\xashfe\dev\src\temp\dlls\!debug\question.obj
d:\devdragon\xashfe\dev\src\temp\dlls\!debug\rat.obj
d:\devdragon\xashfe\dev\src\temp\dlls\!debug\roach.obj
d:\devdragon\xashfe\dev\src\temp\dlls\!debug\rpg.obj
d:\devdragon\xashfe\dev\src\temp\dlls\!debug\satchel.obj
d:\devdragon\xashfe\dev\src\temp\dlls\!debug\schedule.obj
d:\devdragon\xashfe\dev\src\temp\dlls\!debug\scientist.obj
d:\devdragon\xashfe\dev\src\temp\dlls\!debug\scripted.obj
d:\devdragon\xashfe\dev\src\temp\dlls\!debug\shotgun.obj
d:\devdragon\xashfe\dev\src\temp\dlls\!debug\singleplay_gamerules.obj
d:\devdragon\xashfe\dev\src\temp\dlls\!debug\mortar.sbr
d:\devdragon\xashfe\dev\src\temp\dlls\!debug\monsterstate.sbr
d:\devdragon\xashfe\dev\src\temp\dlls\!debug\monsters.sbr
d:\devdragon\xashfe\dev\src\temp\dlls\!debug\monstermaker.sbr
d:\devdragon\xashfe\dev\src\temp\dlls\!debug\maprules.sbr
d:\devdragon\xashfe\dev\src\temp\dlls\!debug\lights.sbr
d:\devdragon\xashfe\dev\src\temp\dlls\!debug\leech.sbr
d:\devdragon\xashfe\dev\src\temp\dlls\!debug\laserspot.sbr
d:\devdragon\xashfe\dev\src\temp\dlls\!debug\items.sbr
d:\devdragon\xashfe\dev\src\temp\dlls\!debug\islave.sbr
d:\devdragon\xashfe\dev\src\temp\dlls\!debug\ichthyosaur.sbr
d:\devdragon\xashfe\dev\src\temp\dlls\!debug\h_export.sbr
d:\devdragon\xashfe\dev\src\temp\dlls\!debug\h_cycler.sbr
d:\devdragon\xashfe\dev\src\temp\dlls\!debug\h_cine.sbr
d:\devdragon\xashfe\dev\src\temp\dlls\!debug\h_battery.sbr
d:\devdragon\xashfe\dev\src\temp\dlls\!debug\h_ai.sbr
d:\devdragon\xashfe\dev\src\temp\dlls\!debug\houndeye.sbr
d:\devdragon\xashfe\dev\src\temp\dlls\!debug\hornetgun.sbr
d:\devdragon\xashfe\dev\src\temp\dlls\!debug\hornet.sbr
d:\devdragon\xashfe\dev\src\temp\dlls\!debug\hgrunt.sbr
d:\devdragon\xashfe\dev\src\temp\dlls\!debug\hgrunt.obj
d:\devdragon\xashfe\dev\src\temp\dlls\!debug\hornet.obj
d:\devdragon\xashfe\dev\src\temp\dlls\!debug\hornetgun.obj
d:\devdragon\xashfe\dev\src\temp\dlls\!debug\houndeye.obj
d:\devdragon\xashfe\dev\src\temp\dlls\!debug\h_ai.obj
d:\devdragon\xashfe\dev\src\temp\dlls\!debug\h_battery.obj
d:\devdragon\xashfe\dev\src\temp\dlls\!debug\h_cine.obj
d:\devdragon\xashfe\dev\src\temp\dlls\!debug\h_cycler.obj
d:\devdragon\xashfe\dev\src\temp\dlls\!debug\h_export.obj
d:\devdragon\xashfe\dev\src\temp\dlls\!debug\ichthyosaur.obj
d:\devdragon\xashfe\dev\src\temp\dlls\!debug\islave.obj
d:\devdragon\xashfe\dev\src\temp\dlls\!debug\items.obj
d:\devdragon\xashfe\dev\src\temp\dlls\!debug\laserspot.obj
d:\devdragon\xashfe\dev\src\temp\dlls\!debug\leech.obj
d:\devdragon\xashfe\dev\src\temp\dlls\!debug\lights.obj
d:\devdragon\xashfe\dev\src\temp\dlls\!debug\maprules.obj
d:\devdragon\xashfe\dev\src\temp\dlls\!debug\monstermaker.obj
d:\devdragon\xashfe\dev\src\temp\dlls\!debug\monsters.obj
d:\devdragon\xashfe\dev\src\temp\dlls\!debug\monsterstate.obj
d:\devdragon\xashfe\dev\src\temp\dlls\!debug\mortar.obj
d:\devdragon\xashfe\dev\src\temp\dlls\!debug\healthkit.sbr
d:\devdragon\xashfe\dev\src\temp\dlls\!debug\headcrab.sbr
d:\devdragon\xashfe\dev\src\temp\dlls\!debug\hassassin.sbr
d:\devdragon\xashfe\dev\src\temp\dlls\!debug\handgrenade.sbr
d:\devdragon\xashfe\dev\src\temp\dlls\!debug\gman.sbr
d:\devdragon\xashfe\dev\src\temp\dlls\!debug\glock.sbr
d:\devdragon\xashfe\dev\src\temp\dlls\!debug\globals.sbr
d:\devdragon\xashfe\dev\src\temp\dlls\!debug\ggrenade.sbr
d:\devdragon\xashfe\dev\src\temp\dlls\!debug\genericmonster.sbr
d:\devdragon\xashfe\dev\src\temp\dlls\!debug\gauss.sbr
d:\devdragon\xashfe\dev\src\temp\dlls\!debug\gargantua.sbr
d:\devdragon\xashfe\dev\src\temp\dlls\!debug\gamerules.sbr
d:\devdragon\xashfe\dev\src\temp\dlls\!debug\game.sbr
d:\devdragon\xashfe\dev\src\temp\dlls\!debug\func_tank.sbr
d:\devdragon\xashfe\dev\src\temp\dlls\!debug\func_break.sbr
d:\devdragon\xashfe\dev\src\temp\dlls\!debug\flyingmonster.sbr
d:\devdragon\xashfe\dev\src\temp\dlls\!debug\explode.sbr
d:\devdragon\xashfe\dev\src\temp\dlls\!debug\egon.sbr
d:\devdragon\xashfe\dev\src\temp\dlls\!debug\effects.sbr
d:\devdragon\xashfe\dev\src\temp\dlls\!debug\doors.sbr
d:\devdragon\xashfe\dev\src\temp\dlls\!debug\doors.obj
d:\devdragon\xashfe\dev\src\temp\dlls\!debug\effects.obj
d:\devdragon\xashfe\dev\src\temp\dlls\!debug\egon.obj
d:\devdragon\xashfe\dev\src\temp\dlls\!debug\explode.obj
d:\devdragon\xashfe\dev\src\temp\dlls\!debug\flyingmonster.obj
d:\devdragon\xashfe\dev\src\temp\dlls\!debug\func_break.obj
d:\devdragon\xashfe\dev\src\temp\dlls\!debug\func_tank.obj
d:\devdragon\xashfe\dev\src\temp\dlls\!debug\game.obj
d:\devdragon\xashfe\dev\src\temp\dlls\!debug\gamerules.obj
d:\devdragon\xashfe\dev\src\temp\dlls\!debug\gargantua.obj
d:\devdragon\xashfe\dev\src\temp\dlls\!debug\gauss.obj
d:\devdragon\xashfe\dev\src\temp\dlls\!debug\genericmonster.obj
d:\devdragon\xashfe\dev\src\temp\dlls\!debug\ggrenade.obj
d:\devdragon\xashfe\dev\src\temp\dlls\!debug\globals.obj
d:\devdragon\xashfe\dev\src\temp\dlls\!debug\glock.obj
d:\devdragon\xashfe\dev\src\temp\dlls\!debug\gman.obj
d:\devdragon\xashfe\dev\src\temp\dlls\!debug\handgrenade.obj
d:\devdragon\xashfe\dev\src\temp\dlls\!debug\hassassin.obj
d:\devdragon\xashfe\dev\src\temp\dlls\!debug\headcrab.obj
d:\devdragon\xashfe\dev\src\temp\dlls\!debug\healthkit.obj
d:\devdragon\xashfe\dev\src\temp\dlls\!debug\dmg.sbr
d:\devdragon\xashfe\dev\src\temp\dlls\!debug\defaultai.sbr
d:\devdragon\xashfe\dev\src\temp\dlls\!debug\crowbar.sbr
d:\devdragon\xashfe\dev\src\temp\dlls\!debug\crossbow.sbr
d:\devdragon\xashfe\dev\src\temp\dlls\!debug\controller.sbr
d:\devdragon\xashfe\dev\src\temp\dlls\!debug\combat.sbr
d:\devdragon\xashfe\dev\src\temp\dlls\!debug\client.sbr
d:\devdragon\xashfe\dev\src\temp\dlls\!debug\cbase.sbr
d:\devdragon\xashfe\dev\src\temp\dlls\!debug\buttons.sbr
d:\devdragon\xashfe\dev\src\temp\dlls\!debug\bullsquid.sbr
d:\devdragon\xashfe\dev\src\temp\dlls\!debug\bmodels.sbr
d:\devdragon\xashfe\dev\src\temp\dlls\!debug\bloater.sbr
d:\devdragon\xashfe\dev\src\temp\dlls\!debug\bigmomma.sbr
d:\devdragon\xashfe\dev\src\temp\dlls\!debug\barney.sbr
d:\devdragon\xashfe\dev\src\temp\dlls\!debug\barnacle.sbr
d:\devdragon\xashfe\dev\src\temp\dlls\!debug\apache.sbr
d:\devdragon\xashfe\dev\src\temp\dlls\!debug\animation.sbr
d:\devdragon\xashfe\dev\src\temp\dlls\!debug\animating.sbr
d:\devdragon\xashfe\dev\src\temp\dlls\!debug\ammotype.sbr
d:\devdragon\xashfe\dev\src\temp\dlls\!debug\airtank.sbr
d:\devdragon\xashfe\dev\src\temp\dlls\!debug\airtank.obj
d:\devdragon\xashfe\dev\src\temp\dlls\!debug\ammotype.obj
d:\devdragon\xashfe\dev\src\temp\dlls\!debug\animating.obj
d:\devdragon\xashfe\dev\src\temp\dlls\!debug\animation.obj
d:\devdragon\xashfe\dev\src\temp\dlls\!debug\apache.obj
d:\devdragon\xashfe\dev\src\temp\dlls\!debug\barnacle.obj
d:\devdragon\xashfe\dev\src\temp\dlls\!debug\barney.obj
d:\devdragon\xashfe\dev\src\temp\dlls\!debug\bigmomma.obj
d:\devdragon\xashfe\dev\src\temp\dlls\!debug\bloater.obj
d:\devdragon\xashfe\dev\src\temp\dlls\!debug\bmodels.obj
d:\devdragon\xashfe\dev\src\temp\dlls\!debug\bullsquid.obj
d:\devdragon\xashfe\dev\src\temp\dlls\!debug\buttons.obj
d:\devdragon\xashfe\dev\src\temp\dlls\!debug\cbase.obj
d:\devdragon\xashfe\dev\src\temp\dlls\!debug\client.obj
d:\devdragon\xashfe\dev\src\temp\dlls\!debug\combat.obj
d:\devdragon\xashfe\dev\src\temp\dlls\!debug\controller.obj
d:\devdragon\xashfe\dev\src\temp\dlls\!debug\crossbow.obj
d:\devdragon\xashfe\dev\src\temp\dlls\!debug\crowbar.obj
d:\devdragon\xashfe\dev\src\temp\dlls\!debug\defaultai.obj
d:\devdragon\xashfe\dev\src\temp\dlls\!debug\dmg.obj
d:\devdragon\xashfe\dev\src\temp\dlls\!debug\agrunt.sbr
d:\devdragon\xashfe\dev\src\temp\dlls\!debug\aflock.sbr
d:\devdragon\xashfe\dev\src\temp\dlls\!debug\voice_gamemgr.sbr
d:\devdragon\xashfe\dev\src\temp\dlls\!debug\voice_gamemgr.obj
d:\devdragon\xashfe\dev\src\temp\dlls\!debug\aflock.obj
d:\devdragon\xashfe\dev\src\temp\dlls\!debug\agrunt.obj
d:\devdragon\xashfe\dev\src\temp\dlls\!debug\pm_shared.sbr
d:\devdragon\xashfe\dev\src\temp\dlls\!debug\pm_math.sbr
d:\devdragon\xashfe\dev\src\temp\dlls\!debug\pm_debug.sbr
d:\devdragon\xashfe\dev\src\temp\dlls\!debug\pm_debug.obj
d:\devdragon\xashfe\dev\src\temp\dlls\!debug\pm_math.obj
d:\devdragon\xashfe\dev\src\temp\dlls\!debug\pm_shared.obj
d:\devdragon\xashfe\dev\src\temp\dlls\!debug\hl.lib
d:\devdragon\xashfe\dev\src\temp\dlls\!debug\hl.exp
d:\devdragon\xashfe\fareast\dlls\hl.dll
d:\devdragon\xashfe\dev\src\temp\dlls\!debug\hl.ilk
d:\devdragon\xashfe\fareast\dlls\hl.pdb
d:\devdragon\xashfe\dev\src\..\..\fareast\dlls\hl.pdb
d:\devdragon\xashfe\dev\src\temp\dlls\!debug\hl.tlog\bscmake.command.1.tlog
d:\devdragon\xashfe\dev\src\temp\dlls\!debug\hl.tlog\bscmake.read.1.tlog
d:\devdragon\xashfe\dev\src\temp\dlls\!debug\hl.tlog\bscmake.write.1.tlog
d:\devdragon\xashfe\dev\src\temp\dlls\!debug\hl.tlog\cl.command.1.tlog
d:\devdragon\xashfe\dev\src\temp\dlls\!debug\hl.tlog\cl.items.tlog
d:\devdragon\xashfe\dev\src\temp\dlls\!debug\hl.tlog\cl.read.1.tlog
d:\devdragon\xashfe\dev\src\temp\dlls\!debug\hl.tlog\cl.write.1.tlog
d:\devdragon\xashfe\dev\src\temp\dlls\!debug\hl.tlog\link.command.1.tlog
d:\devdragon\xashfe\dev\src\temp\dlls\!debug\hl.tlog\link.read.1.tlog
d:\devdragon\xashfe\dev\src\temp\dlls\!debug\hl.tlog\link.write.1.tlog
d:\devdragon\xashfe\dev\src\temp\dlls\!debug\hl.tlog\link.write.2u.tlog
