d:\xashfe\dev\src\temp\mainui\!release\vc142.pdb
d:\xashfe\dev\src\temp\mainui\!release\menu_strings.obj
d:\xashfe\dev\src\temp\mainui\!release\menu_saveload.obj
d:\xashfe\dev\src\temp\mainui\!release\menu_savegame.obj
d:\xashfe\dev\src\temp\mainui\!release\menu_playersetup.obj
d:\xashfe\dev\src\temp\mainui\!release\menu_newgame.obj
d:\xashfe\dev\src\temp\mainui\!release\menu_multiplayer.obj
d:\xashfe\dev\src\temp\mainui\!release\menu_main.obj
d:\xashfe\dev\src\temp\mainui\!release\menu_loadgame.obj
d:\xashfe\dev\src\temp\mainui\!release\menu_langame.obj
d:\xashfe\dev\src\temp\mainui\!release\menu_internetgames.obj
d:\xashfe\dev\src\temp\mainui\!release\menu_gameoptions.obj
d:\xashfe\dev\src\temp\mainui\!release\menu_customgame.obj
d:\xashfe\dev\src\temp\mainui\!release\menu_credits.obj
d:\xashfe\dev\src\temp\mainui\!release\menu_creategame.obj
d:\xashfe\dev\src\temp\mainui\!release\menu_controls.obj
d:\xashfe\dev\src\temp\mainui\!release\menu_configuration.obj
d:\xashfe\dev\src\temp\mainui\!release\menu_btns.obj
d:\xashfe\dev\src\temp\mainui\!release\menu_audio.obj
d:\xashfe\dev\src\temp\mainui\!release\menu_advcontrols.obj
d:\xashfe\dev\src\temp\mainui\!release\basemenu.obj
d:\xashfe\dev\src\temp\mainui\!release\utils.obj
d:\xashfe\dev\src\temp\mainui\!release\ui_title_anim.obj
d:\xashfe\dev\src\temp\mainui\!release\udll_int.obj
d:\xashfe\dev\src\temp\mainui\!release\menu_vidoptions.obj
d:\xashfe\dev\src\temp\mainui\!release\menu_vidmodes.obj
d:\xashfe\dev\src\temp\mainui\!release\menu_video.obj
d:\xashfe\dev\menu.dll
d:\xashfe\dev\mainui.pdb
d:\xashfe\dev\src\temp\mainui\!release\menu.lib
d:\xashfe\dev\src\temp\mainui\!release\menu.exp
d:\xashfe\dev\src\temp\mainui\!release\mainui.tlog\cl.command.1.tlog
d:\xashfe\dev\src\temp\mainui\!release\mainui.tlog\cl.read.1.tlog
d:\xashfe\dev\src\temp\mainui\!release\mainui.tlog\cl.write.1.tlog
d:\xashfe\dev\src\temp\mainui\!release\mainui.tlog\link.command.1.tlog
d:\xashfe\dev\src\temp\mainui\!release\mainui.tlog\link.read.1.tlog
d:\xashfe\dev\src\temp\mainui\!release\mainui.tlog\link.write.1.tlog
d:\xashfe\dev\src\temp\mainui\!release\mainui.tlog\mainui.write.1u.tlog
