d:\devdragon\xashfe\dev\src\temp\engine\!debug\engine.bsc
d:\devdragon\xashfe\dev\src\temp\engine\!debug\vc143.pdb
d:\devdragon\xashfe\dev\src\temp\engine\!debug\vc143.idb
d:\devdragon\xashfe\dev\src\temp\engine\!debug\sv_world.sbr
d:\devdragon\xashfe\dev\src\temp\engine\!debug\sv_save.sbr
d:\devdragon\xashfe\dev\src\temp\engine\!debug\sv_pmove.sbr
d:\devdragon\xashfe\dev\src\temp\engine\!debug\sv_phys.sbr
d:\devdragon\xashfe\dev\src\temp\engine\!debug\sv_move.sbr
d:\devdragon\xashfe\dev\src\temp\engine\!debug\sv_main.sbr
d:\devdragon\xashfe\dev\src\temp\engine\!debug\sv_log.sbr
d:\devdragon\xashfe\dev\src\temp\engine\!debug\sv_init.sbr
d:\devdragon\xashfe\dev\src\temp\engine\!debug\sv_game.sbr
d:\devdragon\xashfe\dev\src\temp\engine\!debug\sv_frame.sbr
d:\devdragon\xashfe\dev\src\temp\engine\!debug\sv_custom.sbr
d:\devdragon\xashfe\dev\src\temp\engine\!debug\sv_cmds.sbr
d:\devdragon\xashfe\dev\src\temp\engine\!debug\sv_client.sbr
d:\devdragon\xashfe\dev\src\temp\engine\!debug\zone.sbr
d:\devdragon\xashfe\dev\src\temp\engine\!debug\world.sbr
d:\devdragon\xashfe\dev\src\temp\engine\!debug\titles.sbr
d:\devdragon\xashfe\dev\src\temp\engine\!debug\sys_win.sbr
d:\devdragon\xashfe\dev\src\temp\engine\!debug\sys_con.sbr
d:\devdragon\xashfe\dev\src\temp\engine\!debug\snd_wav.sbr
d:\devdragon\xashfe\dev\src\temp\engine\!debug\snd_utils.sbr
d:\devdragon\xashfe\dev\src\temp\engine\!debug\snd_utils.obj
d:\devdragon\xashfe\dev\src\temp\engine\!debug\snd_utils.asm
d:\devdragon\xashfe\dev\src\temp\engine\!debug\snd_wav.obj
d:\devdragon\xashfe\dev\src\temp\engine\!debug\snd_wav.asm
d:\devdragon\xashfe\dev\src\temp\engine\!debug\sys_con.obj
d:\devdragon\xashfe\dev\src\temp\engine\!debug\sys_con.asm
d:\devdragon\xashfe\dev\src\temp\engine\!debug\sys_win.obj
d:\devdragon\xashfe\dev\src\temp\engine\!debug\sys_win.asm
d:\devdragon\xashfe\dev\src\temp\engine\!debug\titles.obj
d:\devdragon\xashfe\dev\src\temp\engine\!debug\titles.asm
d:\devdragon\xashfe\dev\src\temp\engine\!debug\world.obj
d:\devdragon\xashfe\dev\src\temp\engine\!debug\world.asm
d:\devdragon\xashfe\dev\src\temp\engine\!debug\zone.obj
d:\devdragon\xashfe\dev\src\temp\engine\!debug\zone.asm
d:\devdragon\xashfe\dev\src\temp\engine\!debug\sv_client.obj
d:\devdragon\xashfe\dev\src\temp\engine\!debug\sv_client.asm
d:\devdragon\xashfe\dev\src\temp\engine\!debug\sv_cmds.obj
d:\devdragon\xashfe\dev\src\temp\engine\!debug\sv_cmds.asm
d:\devdragon\xashfe\dev\src\temp\engine\!debug\sv_custom.obj
d:\devdragon\xashfe\dev\src\temp\engine\!debug\sv_custom.asm
d:\devdragon\xashfe\dev\src\temp\engine\!debug\sv_frame.obj
d:\devdragon\xashfe\dev\src\temp\engine\!debug\sv_frame.asm
d:\devdragon\xashfe\dev\src\temp\engine\!debug\sv_game.obj
d:\devdragon\xashfe\dev\src\temp\engine\!debug\sv_game.asm
d:\devdragon\xashfe\dev\src\temp\engine\!debug\sv_init.obj
d:\devdragon\xashfe\dev\src\temp\engine\!debug\sv_init.asm
d:\devdragon\xashfe\dev\src\temp\engine\!debug\sv_log.obj
d:\devdragon\xashfe\dev\src\temp\engine\!debug\sv_log.asm
d:\devdragon\xashfe\dev\src\temp\engine\!debug\sv_main.obj
d:\devdragon\xashfe\dev\src\temp\engine\!debug\sv_main.asm
d:\devdragon\xashfe\dev\src\temp\engine\!debug\sv_move.obj
d:\devdragon\xashfe\dev\src\temp\engine\!debug\sv_move.asm
d:\devdragon\xashfe\dev\src\temp\engine\!debug\sv_phys.obj
d:\devdragon\xashfe\dev\src\temp\engine\!debug\sv_phys.asm
d:\devdragon\xashfe\dev\src\temp\engine\!debug\sv_pmove.obj
d:\devdragon\xashfe\dev\src\temp\engine\!debug\sv_pmove.asm
d:\devdragon\xashfe\dev\src\temp\engine\!debug\sv_save.obj
d:\devdragon\xashfe\dev\src\temp\engine\!debug\sv_save.asm
d:\devdragon\xashfe\dev\src\temp\engine\!debug\sv_world.obj
d:\devdragon\xashfe\dev\src\temp\engine\!debug\sv_world.asm
d:\devdragon\xashfe\dev\src\temp\engine\!debug\snd_mp3.sbr
d:\devdragon\xashfe\dev\src\temp\engine\!debug\snd_main.sbr
d:\devdragon\xashfe\dev\src\temp\engine\!debug\pm_trace.sbr
d:\devdragon\xashfe\dev\src\temp\engine\!debug\pm_surface.sbr
d:\devdragon\xashfe\dev\src\temp\engine\!debug\pm_debug.sbr
d:\devdragon\xashfe\dev\src\temp\engine\!debug\net_ws.sbr
d:\devdragon\xashfe\dev\src\temp\engine\!debug\net_encode.sbr
d:\devdragon\xashfe\dev\src\temp\engine\!debug\net_chan.sbr
d:\devdragon\xashfe\dev\src\temp\engine\!debug\net_buffer.sbr
d:\devdragon\xashfe\dev\src\temp\engine\!debug\mod_studio.sbr
d:\devdragon\xashfe\dev\src\temp\engine\!debug\mod_dbghulls.sbr
d:\devdragon\xashfe\dev\src\temp\engine\!debug\mod_bmodel.sbr
d:\devdragon\xashfe\dev\src\temp\engine\!debug\model.sbr
d:\devdragon\xashfe\dev\src\temp\engine\!debug\matrixlib.sbr
d:\devdragon\xashfe\dev\src\temp\engine\!debug\mathlib.sbr
d:\devdragon\xashfe\dev\src\temp\engine\!debug\library.sbr
d:\devdragon\xashfe\dev\src\temp\engine\!debug\keys.sbr
d:\devdragon\xashfe\dev\src\temp\engine\!debug\input.sbr
d:\devdragon\xashfe\dev\src\temp\engine\!debug\infostring.sbr
d:\devdragon\xashfe\dev\src\temp\engine\!debug\img_wad.sbr
d:\devdragon\xashfe\dev\src\temp\engine\!debug\img_wad.obj
d:\devdragon\xashfe\dev\src\temp\engine\!debug\img_wad.asm
d:\devdragon\xashfe\dev\src\temp\engine\!debug\infostring.obj
d:\devdragon\xashfe\dev\src\temp\engine\!debug\infostring.asm
d:\devdragon\xashfe\dev\src\temp\engine\!debug\input.obj
d:\devdragon\xashfe\dev\src\temp\engine\!debug\input.asm
d:\devdragon\xashfe\dev\src\temp\engine\!debug\keys.obj
d:\devdragon\xashfe\dev\src\temp\engine\!debug\keys.asm
d:\devdragon\xashfe\dev\src\temp\engine\!debug\library.obj
d:\devdragon\xashfe\dev\src\temp\engine\!debug\library.asm
d:\devdragon\xashfe\dev\src\temp\engine\!debug\mathlib.obj
d:\devdragon\xashfe\dev\src\temp\engine\!debug\mathlib.asm
d:\devdragon\xashfe\dev\src\temp\engine\!debug\matrixlib.obj
d:\devdragon\xashfe\dev\src\temp\engine\!debug\matrixlib.asm
d:\devdragon\xashfe\dev\src\temp\engine\!debug\model.obj
d:\devdragon\xashfe\dev\src\temp\engine\!debug\model.asm
d:\devdragon\xashfe\dev\src\temp\engine\!debug\mod_bmodel.obj
d:\devdragon\xashfe\dev\src\temp\engine\!debug\mod_bmodel.asm
d:\devdragon\xashfe\dev\src\temp\engine\!debug\mod_dbghulls.obj
d:\devdragon\xashfe\dev\src\temp\engine\!debug\mod_dbghulls.asm
d:\devdragon\xashfe\dev\src\temp\engine\!debug\mod_studio.obj
d:\devdragon\xashfe\dev\src\temp\engine\!debug\mod_studio.asm
d:\devdragon\xashfe\dev\src\temp\engine\!debug\net_buffer.obj
d:\devdragon\xashfe\dev\src\temp\engine\!debug\net_buffer.asm
d:\devdragon\xashfe\dev\src\temp\engine\!debug\net_chan.obj
d:\devdragon\xashfe\dev\src\temp\engine\!debug\net_chan.asm
d:\devdragon\xashfe\dev\src\temp\engine\!debug\net_encode.obj
d:\devdragon\xashfe\dev\src\temp\engine\!debug\net_encode.asm
d:\devdragon\xashfe\dev\src\temp\engine\!debug\net_ws.obj
d:\devdragon\xashfe\dev\src\temp\engine\!debug\net_ws.asm
d:\devdragon\xashfe\dev\src\temp\engine\!debug\pm_debug.obj
d:\devdragon\xashfe\dev\src\temp\engine\!debug\pm_debug.asm
d:\devdragon\xashfe\dev\src\temp\engine\!debug\pm_surface.obj
d:\devdragon\xashfe\dev\src\temp\engine\!debug\pm_surface.asm
d:\devdragon\xashfe\dev\src\temp\engine\!debug\pm_trace.obj
d:\devdragon\xashfe\dev\src\temp\engine\!debug\pm_trace.asm
d:\devdragon\xashfe\dev\src\temp\engine\!debug\snd_main.obj
d:\devdragon\xashfe\dev\src\temp\engine\!debug\snd_main.asm
d:\devdragon\xashfe\dev\src\temp\engine\!debug\snd_mp3.obj
d:\devdragon\xashfe\dev\src\temp\engine\!debug\snd_mp3.asm
d:\devdragon\xashfe\dev\src\temp\engine\!debug\img_utils.sbr
d:\devdragon\xashfe\dev\src\temp\engine\!debug\img_tga.sbr
d:\devdragon\xashfe\dev\src\temp\engine\!debug\img_quant.sbr
d:\devdragon\xashfe\dev\src\temp\engine\!debug\img_main.sbr
d:\devdragon\xashfe\dev\src\temp\engine\!debug\img_dds.sbr
d:\devdragon\xashfe\dev\src\temp\engine\!debug\img_bmp.sbr
d:\devdragon\xashfe\dev\src\temp\engine\!debug\hpak.sbr
d:\devdragon\xashfe\dev\src\temp\engine\!debug\host_state.sbr
d:\devdragon\xashfe\dev\src\temp\engine\!debug\host.sbr
d:\devdragon\xashfe\dev\src\temp\engine\!debug\gamma.sbr
d:\devdragon\xashfe\dev\src\temp\engine\!debug\filesystem.sbr
d:\devdragon\xashfe\dev\src\temp\engine\!debug\cvar.sbr
d:\devdragon\xashfe\dev\src\temp\engine\!debug\custom.sbr
d:\devdragon\xashfe\dev\src\temp\engine\!debug\crtlib.sbr
d:\devdragon\xashfe\dev\src\temp\engine\!debug\crclib.sbr
d:\devdragon\xashfe\dev\src\temp\engine\!debug\con_utils.sbr
d:\devdragon\xashfe\dev\src\temp\engine\!debug\console.sbr
d:\devdragon\xashfe\dev\src\temp\engine\!debug\common.sbr
d:\devdragon\xashfe\dev\src\temp\engine\!debug\cmd.sbr
d:\devdragon\xashfe\dev\src\temp\engine\!debug\cfgscript.sbr
d:\devdragon\xashfe\dev\src\temp\engine\!debug\cfgscript.obj
d:\devdragon\xashfe\dev\src\temp\engine\!debug\cfgscript.asm
d:\devdragon\xashfe\dev\src\temp\engine\!debug\cmd.obj
d:\devdragon\xashfe\dev\src\temp\engine\!debug\cmd.asm
d:\devdragon\xashfe\dev\src\temp\engine\!debug\common.obj
d:\devdragon\xashfe\dev\src\temp\engine\!debug\common.asm
d:\devdragon\xashfe\dev\src\temp\engine\!debug\console.obj
d:\devdragon\xashfe\dev\src\temp\engine\!debug\console.asm
d:\devdragon\xashfe\dev\src\temp\engine\!debug\con_utils.obj
d:\devdragon\xashfe\dev\src\temp\engine\!debug\con_utils.asm
d:\devdragon\xashfe\dev\src\temp\engine\!debug\crclib.obj
d:\devdragon\xashfe\dev\src\temp\engine\!debug\crclib.asm
d:\devdragon\xashfe\dev\src\temp\engine\!debug\crtlib.obj
d:\devdragon\xashfe\dev\src\temp\engine\!debug\crtlib.asm
d:\devdragon\xashfe\dev\src\temp\engine\!debug\custom.obj
d:\devdragon\xashfe\dev\src\temp\engine\!debug\custom.asm
d:\devdragon\xashfe\dev\src\temp\engine\!debug\cvar.obj
d:\devdragon\xashfe\dev\src\temp\engine\!debug\cvar.asm
d:\devdragon\xashfe\dev\src\temp\engine\!debug\filesystem.obj
d:\devdragon\xashfe\dev\src\temp\engine\!debug\filesystem.asm
d:\devdragon\xashfe\dev\src\temp\engine\!debug\gamma.obj
d:\devdragon\xashfe\dev\src\temp\engine\!debug\gamma.asm
d:\devdragon\xashfe\dev\src\temp\engine\!debug\host.obj
d:\devdragon\xashfe\dev\src\temp\engine\!debug\host.asm
d:\devdragon\xashfe\dev\src\temp\engine\!debug\host_state.obj
d:\devdragon\xashfe\dev\src\temp\engine\!debug\host_state.asm
d:\devdragon\xashfe\dev\src\temp\engine\!debug\hpak.obj
d:\devdragon\xashfe\dev\src\temp\engine\!debug\hpak.asm
d:\devdragon\xashfe\dev\src\temp\engine\!debug\img_bmp.obj
d:\devdragon\xashfe\dev\src\temp\engine\!debug\img_bmp.asm
d:\devdragon\xashfe\dev\src\temp\engine\!debug\img_dds.obj
d:\devdragon\xashfe\dev\src\temp\engine\!debug\img_dds.asm
d:\devdragon\xashfe\dev\src\temp\engine\!debug\img_main.obj
d:\devdragon\xashfe\dev\src\temp\engine\!debug\img_main.asm
d:\devdragon\xashfe\dev\src\temp\engine\!debug\img_quant.obj
d:\devdragon\xashfe\dev\src\temp\engine\!debug\img_quant.asm
d:\devdragon\xashfe\dev\src\temp\engine\!debug\img_tga.obj
d:\devdragon\xashfe\dev\src\temp\engine\!debug\img_tga.asm
d:\devdragon\xashfe\dev\src\temp\engine\!debug\img_utils.obj
d:\devdragon\xashfe\dev\src\temp\engine\!debug\img_utils.asm
d:\devdragon\xashfe\dev\src\temp\engine\!debug\build.sbr
d:\devdragon\xashfe\dev\src\temp\engine\!debug\avikit.sbr
d:\devdragon\xashfe\dev\src\temp\engine\!debug\vgui_draw.sbr
d:\devdragon\xashfe\dev\src\temp\engine\!debug\s_vox.sbr
d:\devdragon\xashfe\dev\src\temp\engine\!debug\s_utils.sbr
d:\devdragon\xashfe\dev\src\temp\engine\!debug\s_stream.sbr
d:\devdragon\xashfe\dev\src\temp\engine\!debug\s_mouth.sbr
d:\devdragon\xashfe\dev\src\temp\engine\!debug\s_mix.sbr
d:\devdragon\xashfe\dev\src\temp\engine\!debug\s_main.sbr
d:\devdragon\xashfe\dev\src\temp\engine\!debug\s_load.sbr
d:\devdragon\xashfe\dev\src\temp\engine\!debug\s_dsp.sbr
d:\devdragon\xashfe\dev\src\temp\engine\!debug\s_backend.sbr
d:\devdragon\xashfe\dev\src\temp\engine\!debug\gl_warp.sbr
d:\devdragon\xashfe\dev\src\temp\engine\!debug\gl_vidnt.sbr
d:\devdragon\xashfe\dev\src\temp\engine\!debug\gl_studio.sbr
d:\devdragon\xashfe\dev\src\temp\engine\!debug\gl_sprite.sbr
d:\devdragon\xashfe\dev\src\temp\engine\!debug\gl_rsurf.sbr
d:\devdragon\xashfe\dev\src\temp\engine\!debug\gl_rpart.sbr
d:\devdragon\xashfe\dev\src\temp\engine\!debug\gl_rmisc.sbr
d:\devdragon\xashfe\dev\src\temp\engine\!debug\gl_rmath.sbr
d:\devdragon\xashfe\dev\src\temp\engine\!debug\gl_rmath.obj
d:\devdragon\xashfe\dev\src\temp\engine\!debug\gl_rmath.asm
d:\devdragon\xashfe\dev\src\temp\engine\!debug\gl_rmisc.obj
d:\devdragon\xashfe\dev\src\temp\engine\!debug\gl_rmisc.asm
d:\devdragon\xashfe\dev\src\temp\engine\!debug\gl_rpart.obj
d:\devdragon\xashfe\dev\src\temp\engine\!debug\gl_rpart.asm
d:\devdragon\xashfe\dev\src\temp\engine\!debug\gl_rsurf.obj
d:\devdragon\xashfe\dev\src\temp\engine\!debug\gl_rsurf.asm
d:\devdragon\xashfe\dev\src\temp\engine\!debug\gl_sprite.obj
d:\devdragon\xashfe\dev\src\temp\engine\!debug\gl_sprite.asm
d:\devdragon\xashfe\dev\src\temp\engine\!debug\gl_studio.obj
d:\devdragon\xashfe\dev\src\temp\engine\!debug\gl_studio.asm
d:\devdragon\xashfe\dev\src\temp\engine\!debug\gl_vidnt.obj
d:\devdragon\xashfe\dev\src\temp\engine\!debug\gl_vidnt.asm
d:\devdragon\xashfe\dev\src\temp\engine\!debug\gl_warp.obj
d:\devdragon\xashfe\dev\src\temp\engine\!debug\gl_warp.asm
d:\devdragon\xashfe\dev\src\temp\engine\!debug\s_backend.obj
d:\devdragon\xashfe\dev\src\temp\engine\!debug\s_backend.asm
d:\devdragon\xashfe\dev\src\temp\engine\!debug\s_dsp.obj
d:\devdragon\xashfe\dev\src\temp\engine\!debug\s_dsp.asm
d:\devdragon\xashfe\dev\src\temp\engine\!debug\s_load.obj
d:\devdragon\xashfe\dev\src\temp\engine\!debug\s_load.asm
d:\devdragon\xashfe\dev\src\temp\engine\!debug\s_main.obj
d:\devdragon\xashfe\dev\src\temp\engine\!debug\s_main.asm
d:\devdragon\xashfe\dev\src\temp\engine\!debug\s_mix.obj
d:\devdragon\xashfe\dev\src\temp\engine\!debug\s_mix.asm
d:\devdragon\xashfe\dev\src\temp\engine\!debug\s_mouth.obj
d:\devdragon\xashfe\dev\src\temp\engine\!debug\s_mouth.asm
d:\devdragon\xashfe\dev\src\temp\engine\!debug\s_stream.obj
d:\devdragon\xashfe\dev\src\temp\engine\!debug\s_stream.asm
d:\devdragon\xashfe\dev\src\temp\engine\!debug\s_utils.obj
d:\devdragon\xashfe\dev\src\temp\engine\!debug\s_utils.asm
d:\devdragon\xashfe\dev\src\temp\engine\!debug\s_vox.obj
d:\devdragon\xashfe\dev\src\temp\engine\!debug\s_vox.asm
d:\devdragon\xashfe\dev\src\temp\engine\!debug\vgui_draw.obj
d:\devdragon\xashfe\dev\src\temp\engine\!debug\vgui_draw.asm
d:\devdragon\xashfe\dev\src\temp\engine\!debug\avikit.obj
d:\devdragon\xashfe\dev\src\temp\engine\!debug\avikit.asm
d:\devdragon\xashfe\dev\src\temp\engine\!debug\build.obj
d:\devdragon\xashfe\dev\src\temp\engine\!debug\build.asm
d:\devdragon\xashfe\dev\src\temp\engine\!debug\gl_rmain.sbr
d:\devdragon\xashfe\dev\src\temp\engine\!debug\gl_rlight.sbr
d:\devdragon\xashfe\dev\src\temp\engine\!debug\gl_refrag.sbr
d:\devdragon\xashfe\dev\src\temp\engine\!debug\gl_mirror.sbr
d:\devdragon\xashfe\dev\src\temp\engine\!debug\gl_image.sbr
d:\devdragon\xashfe\dev\src\temp\engine\!debug\gl_frustum.sbr
d:\devdragon\xashfe\dev\src\temp\engine\!debug\gl_draw.sbr
d:\devdragon\xashfe\dev\src\temp\engine\!debug\gl_downsample.sbr
d:\devdragon\xashfe\dev\src\temp\engine\!debug\gl_decals.sbr
d:\devdragon\xashfe\dev\src\temp\engine\!debug\gl_cull.sbr
d:\devdragon\xashfe\dev\src\temp\engine\!debug\gl_beams.sbr
d:\devdragon\xashfe\dev\src\temp\engine\!debug\gl_backend.sbr
d:\devdragon\xashfe\dev\src\temp\engine\!debug\gl_alias.sbr
d:\devdragon\xashfe\dev\src\temp\engine\!debug\cl_view.sbr
d:\devdragon\xashfe\dev\src\temp\engine\!debug\cl_video.sbr
d:\devdragon\xashfe\dev\src\temp\engine\!debug\cl_tent.sbr
d:\devdragon\xashfe\dev\src\temp\engine\!debug\cl_scrn.sbr
d:\devdragon\xashfe\dev\src\temp\engine\!debug\cl_remap.sbr
d:\devdragon\xashfe\dev\src\temp\engine\!debug\cl_qparse.sbr
d:\devdragon\xashfe\dev\src\temp\engine\!debug\cl_pmove.sbr
d:\devdragon\xashfe\dev\src\temp\engine\!debug\cl_pmove.obj
d:\devdragon\xashfe\dev\src\temp\engine\!debug\cl_pmove.asm
d:\devdragon\xashfe\dev\src\temp\engine\!debug\cl_qparse.obj
d:\devdragon\xashfe\dev\src\temp\engine\!debug\cl_qparse.asm
d:\devdragon\xashfe\dev\src\temp\engine\!debug\cl_remap.obj
d:\devdragon\xashfe\dev\src\temp\engine\!debug\cl_remap.asm
d:\devdragon\xashfe\dev\src\temp\engine\!debug\cl_scrn.obj
d:\devdragon\xashfe\dev\src\temp\engine\!debug\cl_scrn.asm
d:\devdragon\xashfe\dev\src\temp\engine\!debug\cl_tent.obj
d:\devdragon\xashfe\dev\src\temp\engine\!debug\cl_tent.asm
d:\devdragon\xashfe\dev\src\temp\engine\!debug\cl_video.obj
d:\devdragon\xashfe\dev\src\temp\engine\!debug\cl_video.asm
d:\devdragon\xashfe\dev\src\temp\engine\!debug\cl_view.obj
d:\devdragon\xashfe\dev\src\temp\engine\!debug\cl_view.asm
d:\devdragon\xashfe\dev\src\temp\engine\!debug\gl_alias.obj
d:\devdragon\xashfe\dev\src\temp\engine\!debug\gl_alias.asm
d:\devdragon\xashfe\dev\src\temp\engine\!debug\gl_backend.obj
d:\devdragon\xashfe\dev\src\temp\engine\!debug\gl_backend.asm
d:\devdragon\xashfe\dev\src\temp\engine\!debug\gl_beams.obj
d:\devdragon\xashfe\dev\src\temp\engine\!debug\gl_beams.asm
d:\devdragon\xashfe\dev\src\temp\engine\!debug\gl_cull.obj
d:\devdragon\xashfe\dev\src\temp\engine\!debug\gl_cull.asm
d:\devdragon\xashfe\dev\src\temp\engine\!debug\gl_decals.obj
d:\devdragon\xashfe\dev\src\temp\engine\!debug\gl_decals.asm
d:\devdragon\xashfe\dev\src\temp\engine\!debug\gl_downsample.obj
d:\devdragon\xashfe\dev\src\temp\engine\!debug\gl_downsample.asm
d:\devdragon\xashfe\dev\src\temp\engine\!debug\gl_draw.obj
d:\devdragon\xashfe\dev\src\temp\engine\!debug\gl_draw.asm
d:\devdragon\xashfe\dev\src\temp\engine\!debug\gl_frustum.obj
d:\devdragon\xashfe\dev\src\temp\engine\!debug\gl_frustum.asm
d:\devdragon\xashfe\dev\src\temp\engine\!debug\gl_image.obj
d:\devdragon\xashfe\dev\src\temp\engine\!debug\gl_image.asm
d:\devdragon\xashfe\dev\src\temp\engine\!debug\gl_mirror.obj
d:\devdragon\xashfe\dev\src\temp\engine\!debug\gl_mirror.asm
d:\devdragon\xashfe\dev\src\temp\engine\!debug\gl_refrag.obj
d:\devdragon\xashfe\dev\src\temp\engine\!debug\gl_refrag.asm
d:\devdragon\xashfe\dev\src\temp\engine\!debug\gl_rlight.obj
d:\devdragon\xashfe\dev\src\temp\engine\!debug\gl_rlight.asm
d:\devdragon\xashfe\dev\src\temp\engine\!debug\gl_rmain.obj
d:\devdragon\xashfe\dev\src\temp\engine\!debug\gl_rmain.asm
d:\devdragon\xashfe\dev\src\temp\engine\!debug\cl_parse.sbr
d:\devdragon\xashfe\dev\src\temp\engine\!debug\cl_netgraph.sbr
d:\devdragon\xashfe\dev\src\temp\engine\!debug\cl_main.sbr
d:\devdragon\xashfe\dev\src\temp\engine\!debug\cl_gameui.sbr
d:\devdragon\xashfe\dev\src\temp\engine\!debug\cl_game.sbr
d:\devdragon\xashfe\dev\src\temp\engine\!debug\cl_frame.sbr
d:\devdragon\xashfe\dev\src\temp\engine\!debug\cl_events.sbr
d:\devdragon\xashfe\dev\src\temp\engine\!debug\cl_demo.sbr
d:\devdragon\xashfe\dev\src\temp\engine\!debug\cl_debug.sbr
d:\devdragon\xashfe\dev\src\temp\engine\!debug\cl_custom.sbr
d:\devdragon\xashfe\dev\src\temp\engine\!debug\cl_cmds.sbr
d:\devdragon\xashfe\dev\src\temp\engine\!debug\cl_cmds.obj
d:\devdragon\xashfe\dev\src\temp\engine\!debug\cl_cmds.asm
d:\devdragon\xashfe\dev\src\temp\engine\!debug\cl_custom.obj
d:\devdragon\xashfe\dev\src\temp\engine\!debug\cl_custom.asm
d:\devdragon\xashfe\dev\src\temp\engine\!debug\cl_debug.obj
d:\devdragon\xashfe\dev\src\temp\engine\!debug\cl_debug.asm
d:\devdragon\xashfe\dev\src\temp\engine\!debug\cl_demo.obj
d:\devdragon\xashfe\dev\src\temp\engine\!debug\cl_demo.asm
d:\devdragon\xashfe\dev\src\temp\engine\!debug\cl_events.obj
d:\devdragon\xashfe\dev\src\temp\engine\!debug\cl_events.asm
d:\devdragon\xashfe\dev\src\temp\engine\!debug\cl_frame.obj
d:\devdragon\xashfe\dev\src\temp\engine\!debug\cl_frame.asm
d:\devdragon\xashfe\dev\src\temp\engine\!debug\cl_game.obj
d:\devdragon\xashfe\dev\src\temp\engine\!debug\cl_game.asm
d:\devdragon\xashfe\dev\src\temp\engine\!debug\cl_gameui.obj
d:\devdragon\xashfe\dev\src\temp\engine\!debug\cl_gameui.asm
d:\devdragon\xashfe\dev\src\temp\engine\!debug\cl_main.obj
d:\devdragon\xashfe\dev\src\temp\engine\!debug\cl_main.asm
d:\devdragon\xashfe\dev\src\temp\engine\!debug\cl_netgraph.obj
d:\devdragon\xashfe\dev\src\temp\engine\!debug\cl_netgraph.asm
d:\devdragon\xashfe\dev\src\temp\engine\!debug\cl_parse.obj
d:\devdragon\xashfe\dev\src\temp\engine\!debug\cl_parse.asm
d:\devdragon\xashfe\dev\src\temp\engine\!debug\vgui_surf.sbr
d:\devdragon\xashfe\dev\src\temp\engine\!debug\vgui_int.sbr
d:\devdragon\xashfe\dev\src\temp\engine\!debug\vgui_input.sbr
d:\devdragon\xashfe\dev\src\temp\engine\!debug\vgui_clip.sbr
d:\devdragon\xashfe\dev\src\temp\engine\!debug\vgui_clip.obj
d:\devdragon\xashfe\dev\src\temp\engine\!debug\vgui_clip.asm
d:\devdragon\xashfe\dev\src\temp\engine\!debug\vgui_input.obj
d:\devdragon\xashfe\dev\src\temp\engine\!debug\vgui_input.asm
d:\devdragon\xashfe\dev\src\temp\engine\!debug\vgui_int.obj
d:\devdragon\xashfe\dev\src\temp\engine\!debug\vgui_int.asm
d:\devdragon\xashfe\dev\src\temp\engine\!debug\vgui_surf.obj
d:\devdragon\xashfe\dev\src\temp\engine\!debug\vgui_surf.asm
d:\devdragon\xashfe\dev\src\temp\engine\!debug\engine.ilk
d:\devdragon\xashfe\xash.dll
d:\devdragon\xashfe\engine.pdb
d:\devdragon\xashfe\dev\src\temp\engine\!debug\xash.lib
d:\devdragon\xashfe\dev\src\temp\engine\!debug\xash.exp
d:\devdragon\xashfe\dev\src\..\..\engine.pdb
d:\devdragon\xashfe\dev\src\temp\engine\!debug\engine.tlog\bscmake.command.1.tlog
d:\devdragon\xashfe\dev\src\temp\engine\!debug\engine.tlog\bscmake.read.1.tlog
d:\devdragon\xashfe\dev\src\temp\engine\!debug\engine.tlog\bscmake.write.1.tlog
d:\devdragon\xashfe\dev\src\temp\engine\!debug\engine.tlog\cl.command.1.tlog
d:\devdragon\xashfe\dev\src\temp\engine\!debug\engine.tlog\cl.items.tlog
d:\devdragon\xashfe\dev\src\temp\engine\!debug\engine.tlog\cl.read.1.tlog
d:\devdragon\xashfe\dev\src\temp\engine\!debug\engine.tlog\cl.write.1.tlog
d:\devdragon\xashfe\dev\src\temp\engine\!debug\engine.tlog\link.command.1.tlog
d:\devdragon\xashfe\dev\src\temp\engine\!debug\engine.tlog\link.read.1.tlog
d:\devdragon\xashfe\dev\src\temp\engine\!debug\engine.tlog\link.write.1.tlog
d:\devdragon\xashfe\dev\src\temp\engine\!debug\engine.tlog\link.write.2u.tlog
