  basemenu.cpp
D:\XashFE\dev\src\mainui\menu_btnsbmp_table.h(106,38): warning C4267: 'return': conversion from 'size_t' to 'int', possible loss of data
D:\XashFE\dev\src\mainui\basemenu.cpp(66,1): warning C4838: conversion from 'unsigned int' to 'int' requires a narrowing conversion
D:\XashFE\dev\src\mainui\basemenu.cpp(67,1): warning C4838: conversion from 'unsigned int' to 'int' requires a narrowing conversion
D:\XashFE\dev\src\mainui\basemenu.cpp(68,1): warning C4838: conversion from 'unsigned int' to 'int' requires a narrowing conversion
D:\XashFE\dev\src\mainui\basemenu.cpp(69,1): warning C4838: conversion from 'unsigned int' to 'int' requires a narrowing conversion
D:\XashFE\dev\src\mainui\basemenu.cpp(70,1): warning C4838: conversion from 'unsigned int' to 'int' requires a narrowing conversion
D:\XashFE\dev\src\mainui\basemenu.cpp(71,1): warning C4838: conversion from 'unsigned int' to 'int' requires a narrowing conversion
D:\XashFE\dev\src\mainui\basemenu.cpp(72,1): warning C4838: conversion from 'unsigned int' to 'int' requires a narrowing conversion
D:\XashFE\dev\src\mainui\basemenu.cpp(73,1): warning C4838: conversion from 'unsigned int' to 'int' requires a narrowing conversion
D:\XashFE\dev\src\mainui\basemenu.cpp(392,16): warning C4996: 'stricmp': The POSIX name for this item is deprecated. Instead, use the ISO C and C++ conformant name: _stricmp. See online help for details.
D:\XashFE\dev\src\mainui\basemenu.cpp(917,2): warning C4996: 'sprintf': This function or variable may be unsafe. Consider using sprintf_s instead. To disable deprecation, use _CRT_SECURE_NO_WARNINGS. See online help for details.
D:\XashFE\dev\src\mainui\basemenu.cpp(920,2): warning C4996: 'sprintf': This function or variable may be unsafe. Consider using sprintf_s instead. To disable deprecation, use _CRT_SECURE_NO_WARNINGS. See online help for details.
D:\XashFE\dev\src\mainui\basemenu.cpp(1301,6): warning C4996: 'stricmp': The POSIX name for this item is deprecated. Instead, use the ISO C and C++ conformant name: _stricmp. See online help for details.
D:\XashFE\dev\src\mainui\basemenu.cpp(1307,8): warning C4996: 'stricmp': The POSIX name for this item is deprecated. Instead, use the ISO C and C++ conformant name: _stricmp. See online help for details.
D:\XashFE\dev\src\mainui\basemenu.cpp(1314,2): warning C4996: 'strncpy': This function or variable may be unsafe. Consider using strncpy_s instead. To disable deprecation, use _CRT_SECURE_NO_WARNINGS. See online help for details.
D:\XashFE\dev\src\mainui\basemenu.cpp(1434,8): warning C4996: 'stricmp': The POSIX name for this item is deprecated. Instead, use the ISO C and C++ conformant name: _stricmp. See online help for details.
D:\XashFE\dev\src\mainui\basemenu.cpp(1438,13): warning C4996: 'stricmp': The POSIX name for this item is deprecated. Instead, use the ISO C and C++ conformant name: _stricmp. See online help for details.
D:\XashFE\dev\src\mainui\basemenu.cpp(1442,13): warning C4996: 'stricmp': The POSIX name for this item is deprecated. Instead, use the ISO C and C++ conformant name: _stricmp. See online help for details.
D:\XashFE\dev\src\mainui\basemenu.cpp(1446,13): warning C4996: 'stricmp': The POSIX name for this item is deprecated. Instead, use the ISO C and C++ conformant name: _stricmp. See online help for details.
D:\XashFE\dev\src\mainui\basemenu.cpp(1450,13): warning C4996: 'stricmp': The POSIX name for this item is deprecated. Instead, use the ISO C and C++ conformant name: _stricmp. See online help for details.
D:\XashFE\dev\src\mainui\basemenu.cpp(1454,13): warning C4996: 'stricmp': The POSIX name for this item is deprecated. Instead, use the ISO C and C++ conformant name: _stricmp. See online help for details.
D:\XashFE\dev\src\mainui\basemenu.cpp(1458,13): warning C4996: 'stricmp': The POSIX name for this item is deprecated. Instead, use the ISO C and C++ conformant name: _stricmp. See online help for details.
D:\XashFE\dev\src\mainui\basemenu.cpp(1462,13): warning C4996: 'stricmp': The POSIX name for this item is deprecated. Instead, use the ISO C and C++ conformant name: _stricmp. See online help for details.
D:\XashFE\dev\src\mainui\basemenu.cpp(1466,13): warning C4996: 'stricmp': The POSIX name for this item is deprecated. Instead, use the ISO C and C++ conformant name: _stricmp. See online help for details.
D:\XashFE\dev\src\mainui\basemenu.cpp(1507,3): warning C4996: 'strncpy': This function or variable may be unsafe. Consider using strncpy_s instead. To disable deprecation, use _CRT_SECURE_NO_WARNINGS. See online help for details.
  menu_advcontrols.cpp
D:\XashFE\dev\src\mainui\menu_btnsbmp_table.h(106,38): warning C4267: 'return': conversion from 'size_t' to 'int', possible loss of data
  menu_audio.cpp
D:\XashFE\dev\src\mainui\menu_btnsbmp_table.h(106,38): warning C4267: 'return': conversion from 'size_t' to 'int', possible loss of data
  menu_btns.cpp
D:\XashFE\dev\src\mainui\menu_btnsbmp_table.h(106,38): warning C4267: 'return': conversion from 'size_t' to 'int', possible loss of data
D:\XashFE\dev\src\mainui\menu_btns.cpp(140,64): warning C4334: '<<': result of 32-bit shift implicitly converted to 64 bits (was 64-bit shift intended?)
D:\XashFE\dev\src\mainui\menu_btns.cpp(166,3): warning C4996: 'sprintf': This function or variable may be unsafe. Consider using sprintf_s instead. To disable deprecation, use _CRT_SECURE_NO_WARNINGS. See online help for details.
  menu_configuration.cpp
D:\XashFE\dev\src\mainui\menu_btnsbmp_table.h(106,38): warning C4267: 'return': conversion from 'size_t' to 'int', possible loss of data
  menu_controls.cpp
D:\XashFE\dev\src\mainui\menu_btnsbmp_table.h(106,38): warning C4267: 'return': conversion from 'size_t' to 'int', possible loss of data
D:\XashFE\dev\src\mainui\menu_controls.cpp(118,8): warning C4996: 'stricmp': The POSIX name for this item is deprecated. Instead, use the ISO C and C++ conformant name: _stricmp. See online help for details.
D:\XashFE\dev\src\mainui\menu_controls.cpp(141,23): warning C4267: '=': conversion from 'size_t' to 'int', possible loss of data
D:\XashFE\dev\src\mainui\menu_controls.cpp(173,8): warning C4996: 'stricmp': The POSIX name for this item is deprecated. Instead, use the ISO C and C++ conformant name: _stricmp. See online help for details.
D:\XashFE\dev\src\mainui\menu_controls.cpp(179,4): warning C4996: 'sprintf': This function or variable may be unsafe. Consider using sprintf_s instead. To disable deprecation, use _CRT_SECURE_NO_WARNINGS. See online help for details.
D:\XashFE\dev\src\mainui\menu_controls.cpp(183,4): warning C4996: 'strcpy': This function or variable may be unsafe. Consider using strcpy_s instead. To disable deprecation, use _CRT_SECURE_NO_WARNINGS. See online help for details.
D:\XashFE\dev\src\mainui\menu_controls.cpp(184,4): warning C4996: 'strcpy': This function or variable may be unsafe. Consider using strcpy_s instead. To disable deprecation, use _CRT_SECURE_NO_WARNINGS. See online help for details.
D:\XashFE\dev\src\mainui\menu_controls.cpp(185,4): warning C4996: 'strcpy': This function or variable may be unsafe. Consider using strcpy_s instead. To disable deprecation, use _CRT_SECURE_NO_WARNINGS. See online help for details.
D:\XashFE\dev\src\mainui\menu_controls.cpp(194,4): warning C4996: 'strncpy': This function or variable may be unsafe. Consider using strncpy_s instead. To disable deprecation, use _CRT_SECURE_NO_WARNINGS. See online help for details.
D:\XashFE\dev\src\mainui\menu_controls.cpp(199,4): warning C4996: 'sprintf': This function or variable may be unsafe. Consider using sprintf_s instead. To disable deprecation, use _CRT_SECURE_NO_WARNINGS. See online help for details.
D:\XashFE\dev\src\mainui\menu_controls.cpp(201,24): warning C4996: 'strcpy': This function or variable may be unsafe. Consider using strcpy_s instead. To disable deprecation, use _CRT_SECURE_NO_WARNINGS. See online help for details.
D:\XashFE\dev\src\mainui\menu_controls.cpp(202,9): warning C4996: 'strncpy': This function or variable may be unsafe. Consider using strncpy_s instead. To disable deprecation, use _CRT_SECURE_NO_WARNINGS. See online help for details.
D:\XashFE\dev\src\mainui\menu_controls.cpp(204,24): warning C4996: 'strcpy': This function or variable may be unsafe. Consider using strcpy_s instead. To disable deprecation, use _CRT_SECURE_NO_WARNINGS. See online help for details.
D:\XashFE\dev\src\mainui\menu_controls.cpp(205,9): warning C4996: 'strncpy': This function or variable may be unsafe. Consider using strncpy_s instead. To disable deprecation, use _CRT_SECURE_NO_WARNINGS. See online help for details.
D:\XashFE\dev\src\mainui\menu_controls.cpp(211,9): warning C4996: 'strnicmp': The POSIX name for this item is deprecated. Instead, use the ISO C and C++ conformant name: _strnicmp. See online help for details.
D:\XashFE\dev\src\mainui\menu_controls.cpp(212,5): warning C4996: 'sprintf': This function or variable may be unsafe. Consider using sprintf_s instead. To disable deprecation, use _CRT_SECURE_NO_WARNINGS. See online help for details.
D:\XashFE\dev\src\mainui\menu_controls.cpp(213,9): warning C4996: 'sprintf': This function or variable may be unsafe. Consider using sprintf_s instead. To disable deprecation, use _CRT_SECURE_NO_WARNINGS. See online help for details.
D:\XashFE\dev\src\mainui\menu_controls.cpp(218,9): warning C4996: 'strnicmp': The POSIX name for this item is deprecated. Instead, use the ISO C and C++ conformant name: _strnicmp. See online help for details.
D:\XashFE\dev\src\mainui\menu_controls.cpp(219,5): warning C4996: 'sprintf': This function or variable may be unsafe. Consider using sprintf_s instead. To disable deprecation, use _CRT_SECURE_NO_WARNINGS. See online help for details.
D:\XashFE\dev\src\mainui\menu_controls.cpp(220,9): warning C4996: 'sprintf': This function or variable may be unsafe. Consider using sprintf_s instead. To disable deprecation, use _CRT_SECURE_NO_WARNINGS. See online help for details.
D:\XashFE\dev\src\mainui\menu_controls.cpp(286,3): warning C4996: 'strncpy': This function or variable may be unsafe. Consider using strncpy_s instead. To disable deprecation, use _CRT_SECURE_NO_WARNINGS. See online help for details.
D:\XashFE\dev\src\mainui\menu_controls.cpp(301,3): warning C4996: 'sprintf': This function or variable may be unsafe. Consider using sprintf_s instead. To disable deprecation, use _CRT_SECURE_NO_WARNINGS. See online help for details.
D:\XashFE\dev\src\mainui\menu_controls.cpp(339,5): warning C4996: 'sprintf': This function or variable may be unsafe. Consider using sprintf_s instead. To disable deprecation, use _CRT_SECURE_NO_WARNINGS. See online help for details.
  menu_creategame.cpp
D:\XashFE\dev\src\mainui\menu_btnsbmp_table.h(106,38): warning C4267: 'return': conversion from 'size_t' to 'int', possible loss of data
D:\XashFE\dev\src\mainui\menu_creategame.cpp(111,3): warning C4996: 'sprintf': This function or variable may be unsafe. Consider using sprintf_s instead. To disable deprecation, use _CRT_SECURE_NO_WARNINGS. See online help for details.
D:\XashFE\dev\src\mainui\menu_creategame.cpp(112,3): warning C4996: 'sprintf': This function or variable may be unsafe. Consider using sprintf_s instead. To disable deprecation, use _CRT_SECURE_NO_WARNINGS. See online help for details.
D:\XashFE\dev\src\mainui\menu_creategame.cpp(119,3): warning C4996: 'sprintf': This function or variable may be unsafe. Consider using sprintf_s instead. To disable deprecation, use _CRT_SECURE_NO_WARNINGS. See online help for details.
D:\XashFE\dev\src\mainui\menu_creategame.cpp(365,2): warning C4996: 'strcpy': This function or variable may be unsafe. Consider using strcpy_s instead. To disable deprecation, use _CRT_SECURE_NO_WARNINGS. See online help for details.
D:\XashFE\dev\src\mainui\menu_creategame.cpp(378,3): warning C4996: 'strcpy': This function or variable may be unsafe. Consider using strcpy_s instead. To disable deprecation, use _CRT_SECURE_NO_WARNINGS. See online help for details.
D:\XashFE\dev\src\mainui\menu_creategame.cpp(379,7): warning C4996: 'sprintf': This function or variable may be unsafe. Consider using sprintf_s instead. To disable deprecation, use _CRT_SECURE_NO_WARNINGS. See online help for details.
  menu_credits.cpp
D:\XashFE\dev\src\mainui\menu_credits.cpp(186,102): warning C4267: '=': conversion from 'size_t' to 'int', possible loss of data
D:\XashFE\dev\src\mainui\menu_credits.cpp(148,5): warning C4996: 'strncpy': This function or variable may be unsafe. Consider using strncpy_s instead. To disable deprecation, use _CRT_SECURE_NO_WARNINGS. See online help for details.
  menu_customgame.cpp
D:\XashFE\dev\src\mainui\menu_btnsbmp_table.h(106,38): warning C4267: 'return': conversion from 'size_t' to 'int', possible loss of data
D:\XashFE\dev\src\mainui\menu_customgame.cpp(136,3): warning C4996: 'strncpy': This function or variable may be unsafe. Consider using strncpy_s instead. To disable deprecation, use _CRT_SECURE_NO_WARNINGS. See online help for details.
D:\XashFE\dev\src\mainui\menu_customgame.cpp(137,3): warning C4996: 'strncpy': This function or variable may be unsafe. Consider using strncpy_s instead. To disable deprecation, use _CRT_SECURE_NO_WARNINGS. See online help for details.
D:\XashFE\dev\src\mainui\menu_customgame.cpp(169,7): warning C4996: 'stricmp': The POSIX name for this item is deprecated. Instead, use the ISO C and C++ conformant name: _stricmp. See online help for details.
D:\XashFE\dev\src\mainui\menu_customgame.cpp(187,8): warning C4996: 'stricmp': The POSIX name for this item is deprecated. Instead, use the ISO C and C++ conformant name: _stricmp. See online help for details.
D:\XashFE\dev\src\mainui\menu_customgame.cpp(219,3): warning C4996: 'sprintf': This function or variable may be unsafe. Consider using sprintf_s instead. To disable deprecation, use _CRT_SECURE_NO_WARNINGS. See online help for details.
  menu_gameoptions.cpp
D:\XashFE\dev\src\mainui\menu_btnsbmp_table.h(106,38): warning C4267: 'return': conversion from 'size_t' to 'int', possible loss of data
D:\XashFE\dev\src\mainui\menu_gameoptions.cpp(74,2): warning C4996: 'sprintf': This function or variable may be unsafe. Consider using sprintf_s instead. To disable deprecation, use _CRT_SECURE_NO_WARNINGS. See online help for details.
  menu_internetgames.cpp
D:\XashFE\dev\src\mainui\menu_btnsbmp_table.h(106,38): warning C4267: 'return': conversion from 'size_t' to 'int', possible loss of data
  menu_langame.cpp
D:\XashFE\dev\src\mainui\menu_btnsbmp_table.h(106,38): warning C4267: 'return': conversion from 'size_t' to 'int', possible loss of data
  menu_loadgame.cpp
D:\XashFE\dev\src\mainui\menu_btnsbmp_table.h(106,38): warning C4267: 'return': conversion from 'size_t' to 'int', possible loss of data
D:\XashFE\dev\src\mainui\menu_loadgame.cpp(222,4): warning C4996: 'sprintf': This function or variable may be unsafe. Consider using sprintf_s instead. To disable deprecation, use _CRT_SECURE_NO_WARNINGS. See online help for details.
D:\XashFE\dev\src\mainui\menu_loadgame.cpp(237,4): warning C4996: 'sprintf': This function or variable may be unsafe. Consider using sprintf_s instead. To disable deprecation, use _CRT_SECURE_NO_WARNINGS. See online help for details.
D:\XashFE\dev\src\mainui\menu_loadgame.cpp(241,4): warning C4996: 'sprintf': This function or variable may be unsafe. Consider using sprintf_s instead. To disable deprecation, use _CRT_SECURE_NO_WARNINGS. See online help for details.
D:\XashFE\dev\src\mainui\menu_loadgame.cpp(279,4): warning C4996: 'sprintf': This function or variable may be unsafe. Consider using sprintf_s instead. To disable deprecation, use _CRT_SECURE_NO_WARNINGS. See online help for details.
  menu_main.cpp
D:\XashFE\dev\src\mainui\menu_btnsbmp_table.h(106,38): warning C4267: 'return': conversion from 'size_t' to 'int', possible loss of data
D:\XashFE\dev\src\mainui\menu_main.cpp(330,45): warning C4996: 'stricmp': The POSIX name for this item is deprecated. Instead, use the ISO C and C++ conformant name: _stricmp. See online help for details.
  menu_multiplayer.cpp
D:\XashFE\dev\src\mainui\menu_btnsbmp_table.h(106,38): warning C4267: 'return': conversion from 'size_t' to 'int', possible loss of data
  menu_newgame.cpp
D:\XashFE\dev\src\mainui\menu_btnsbmp_table.h(106,38): warning C4267: 'return': conversion from 'size_t' to 'int', possible loss of data
  menu_playersetup.cpp
D:\XashFE\dev\src\common\const.h(18,1): warning C4067: unexpected tokens following preprocessor directive - expected a newline
D:\XashFE\dev\src\mainui\menu_btnsbmp_table.h(106,38): warning C4267: 'return': conversion from 'size_t' to 'int', possible loss of data
D:\XashFE\dev\src\mainui\menu_playersetup.cpp(112,2): warning C4996: 'strcpy': This function or variable may be unsafe. Consider using strcpy_s instead. To disable deprecation, use _CRT_SECURE_NO_WARNINGS. See online help for details.
D:\XashFE\dev\src\mainui\menu_playersetup.cpp(119,3): warning C4996: 'sprintf': This function or variable may be unsafe. Consider using sprintf_s instead. To disable deprecation, use _CRT_SECURE_NO_WARNINGS. See online help for details.
D:\XashFE\dev\src\mainui\menu_playersetup.cpp(122,3): warning C4996: 'strcpy': This function or variable may be unsafe. Consider using strcpy_s instead. To disable deprecation, use _CRT_SECURE_NO_WARNINGS. See online help for details.
D:\XashFE\dev\src\mainui\menu_playersetup.cpp(136,2): warning C4996: 'strncpy': This function or variable may be unsafe. Consider using strncpy_s instead. To disable deprecation, use _CRT_SECURE_NO_WARNINGS. See online help for details.
D:\XashFE\dev\src\mainui\menu_playersetup.cpp(144,8): warning C4996: 'stricmp': The POSIX name for this item is deprecated. Instead, use the ISO C and C++ conformant name: _stricmp. See online help for details.
D:\XashFE\dev\src\mainui\menu_playersetup.cpp(154,2): warning C4996: 'strcpy': This function or variable may be unsafe. Consider using strcpy_s instead. To disable deprecation, use _CRT_SECURE_NO_WARNINGS. See online help for details.
D:\XashFE\dev\src\mainui\menu_playersetup.cpp(194,6): warning C4996: 'stricmp': The POSIX name for this item is deprecated. Instead, use the ISO C and C++ conformant name: _stricmp. See online help for details.
D:\XashFE\dev\src\mainui\menu_playersetup.cpp(196,3): warning C4996: 'strcpy': This function or variable may be unsafe. Consider using strcpy_s instead. To disable deprecation, use _CRT_SECURE_NO_WARNINGS. See online help for details.
D:\XashFE\dev\src\mainui\menu_playersetup.cpp(200,2): warning C4996: 'strcpy': This function or variable may be unsafe. Consider using strcpy_s instead. To disable deprecation, use _CRT_SECURE_NO_WARNINGS. See online help for details.
D:\XashFE\dev\src\mainui\menu_playersetup.cpp(202,7): warning C4996: 'stricmp': The POSIX name for this item is deprecated. Instead, use the ISO C and C++ conformant name: _stricmp. See online help for details.
D:\XashFE\dev\src\mainui\menu_playersetup.cpp(204,3): warning C4996: 'strcpy': This function or variable may be unsafe. Consider using strcpy_s instead. To disable deprecation, use _CRT_SECURE_NO_WARNINGS. See online help for details.
D:\XashFE\dev\src\mainui\menu_playersetup.cpp(209,3): warning C4996: 'sprintf': This function or variable may be unsafe. Consider using sprintf_s instead. To disable deprecation, use _CRT_SECURE_NO_WARNINGS. See online help for details.
D:\XashFE\dev\src\mainui\menu_playersetup.cpp(210,3): warning C4996: 'sprintf': This function or variable may be unsafe. Consider using sprintf_s instead. To disable deprecation, use _CRT_SECURE_NO_WARNINGS. See online help for details.
D:\XashFE\dev\src\mainui\menu_playersetup.cpp(229,7): warning C4996: 'stricmp': The POSIX name for this item is deprecated. Instead, use the ISO C and C++ conformant name: _stricmp. See online help for details.
D:\XashFE\dev\src\mainui\menu_playersetup.cpp(239,8): warning C4996: 'stricmp': The POSIX name for this item is deprecated. Instead, use the ISO C and C++ conformant name: _stricmp. See online help for details.
D:\XashFE\dev\src\mainui\menu_playersetup.cpp(241,5): warning C4996: 'sprintf': This function or variable may be unsafe. Consider using sprintf_s instead. To disable deprecation, use _CRT_SECURE_NO_WARNINGS. See online help for details.
  menu_savegame.cpp
D:\XashFE\dev\src\mainui\menu_btnsbmp_table.h(106,38): warning C4267: 'return': conversion from 'size_t' to 'int', possible loss of data
D:\XashFE\dev\src\mainui\menu_savegame.cpp(143,3): warning C4996: 'strncpy': This function or variable may be unsafe. Consider using strncpy_s instead. To disable deprecation, use _CRT_SECURE_NO_WARNINGS. See online help for details.
D:\XashFE\dev\src\mainui\menu_savegame.cpp(241,4): warning C4996: 'sprintf': This function or variable may be unsafe. Consider using sprintf_s instead. To disable deprecation, use _CRT_SECURE_NO_WARNINGS. See online help for details.
D:\XashFE\dev\src\mainui\menu_savegame.cpp(244,4): warning C4996: 'sprintf': This function or variable may be unsafe. Consider using sprintf_s instead. To disable deprecation, use _CRT_SECURE_NO_WARNINGS. See online help for details.
D:\XashFE\dev\src\mainui\menu_savegame.cpp(257,4): warning C4996: 'sprintf': This function or variable may be unsafe. Consider using sprintf_s instead. To disable deprecation, use _CRT_SECURE_NO_WARNINGS. See online help for details.
D:\XashFE\dev\src\mainui\menu_savegame.cpp(261,4): warning C4996: 'sprintf': This function or variable may be unsafe. Consider using sprintf_s instead. To disable deprecation, use _CRT_SECURE_NO_WARNINGS. See online help for details.
D:\XashFE\dev\src\mainui\menu_savegame.cpp(299,4): warning C4996: 'sprintf': This function or variable may be unsafe. Consider using sprintf_s instead. To disable deprecation, use _CRT_SECURE_NO_WARNINGS. See online help for details.
  menu_saveload.cpp
D:\XashFE\dev\src\mainui\menu_btnsbmp_table.h(106,38): warning C4267: 'return': conversion from 'size_t' to 'int', possible loss of data
D:\XashFE\dev\src\mainui\menu_saveload.cpp(91,2): warning C4996: 'strcat': This function or variable may be unsafe. Consider using strcat_s instead. To disable deprecation, use _CRT_SECURE_NO_WARNINGS. See online help for details.
D:\XashFE\dev\src\mainui\menu_saveload.cpp(92,2): warning C4996: 'strcat': This function or variable may be unsafe. Consider using strcat_s instead. To disable deprecation, use _CRT_SECURE_NO_WARNINGS. See online help for details.
D:\XashFE\dev\src\mainui\menu_saveload.cpp(93,2): warning C4996: 'strcat': This function or variable may be unsafe. Consider using strcat_s instead. To disable deprecation, use _CRT_SECURE_NO_WARNINGS. See online help for details.
D:\XashFE\dev\src\mainui\menu_saveload.cpp(94,2): warning C4996: 'strcat': This function or variable may be unsafe. Consider using strcat_s instead. To disable deprecation, use _CRT_SECURE_NO_WARNINGS. See online help for details.
D:\XashFE\dev\src\mainui\menu_saveload.cpp(95,2): warning C4996: 'strcat': This function or variable may be unsafe. Consider using strcat_s instead. To disable deprecation, use _CRT_SECURE_NO_WARNINGS. See online help for details.
  menu_strings.cpp
D:\XashFE\dev\src\mainui\menu_strings.cpp(581,2): warning C4996: 'sprintf': This function or variable may be unsafe. Consider using sprintf_s instead. To disable deprecation, use _CRT_SECURE_NO_WARNINGS. See online help for details.
D:\XashFE\dev\src\mainui\menu_strings.cpp(584,2): warning C4996: 'sprintf': This function or variable may be unsafe. Consider using sprintf_s instead. To disable deprecation, use _CRT_SECURE_NO_WARNINGS. See online help for details.
D:\XashFE\dev\src\mainui\menu_strings.cpp(587,2): warning C4996: 'sprintf': This function or variable may be unsafe. Consider using sprintf_s instead. To disable deprecation, use _CRT_SECURE_NO_WARNINGS. See online help for details.
D:\XashFE\dev\src\mainui\menu_strings.cpp(590,2): warning C4996: 'sprintf': This function or variable may be unsafe. Consider using sprintf_s instead. To disable deprecation, use _CRT_SECURE_NO_WARNINGS. See online help for details.
D:\XashFE\dev\src\mainui\menu_strings.cpp(593,2): warning C4996: 'sprintf': This function or variable may be unsafe. Consider using sprintf_s instead. To disable deprecation, use _CRT_SECURE_NO_WARNINGS. See online help for details.
D:\XashFE\dev\src\mainui\menu_strings.cpp(596,2): warning C4996: 'sprintf': This function or variable may be unsafe. Consider using sprintf_s instead. To disable deprecation, use _CRT_SECURE_NO_WARNINGS. See online help for details.
D:\XashFE\dev\src\mainui\menu_strings.cpp(599,2): warning C4996: 'sprintf': This function or variable may be unsafe. Consider using sprintf_s instead. To disable deprecation, use _CRT_SECURE_NO_WARNINGS. See online help for details.
  Generating Code...
  Compiling...
  menu_video.cpp
D:\XashFE\dev\src\mainui\menu_btnsbmp_table.h(106,38): warning C4267: 'return': conversion from 'size_t' to 'int', possible loss of data
  menu_vidmodes.cpp
D:\XashFE\dev\src\mainui\menu_btnsbmp_table.h(106,38): warning C4267: 'return': conversion from 'size_t' to 'int', possible loss of data
  menu_vidoptions.cpp
D:\XashFE\dev\src\mainui\menu_btnsbmp_table.h(106,38): warning C4267: 'return': conversion from 'size_t' to 'int', possible loss of data
  udll_int.cpp
  ui_title_anim.cpp
  utils.cpp
D:\XashFE\dev\src\mainui\menu_btnsbmp_table.h(106,38): warning C4267: 'return': conversion from 'size_t' to 'int', possible loss of data
D:\XashFE\dev\src\mainui\utils.cpp(39,3): warning C4996: 'sprintf': This function or variable may be unsafe. Consider using sprintf_s instead. To disable deprecation, use _CRT_SECURE_NO_WARNINGS. See online help for details.
D:\XashFE\dev\src\mainui\utils.cpp(40,7): warning C4996: 'sprintf': This function or variable may be unsafe. Consider using sprintf_s instead. To disable deprecation, use _CRT_SECURE_NO_WARNINGS. See online help for details.
D:\XashFE\dev\src\mainui\utils.cpp(129,2): warning C4996: 'strcpy': This function or variable may be unsafe. Consider using strcpy_s instead. To disable deprecation, use _CRT_SECURE_NO_WARNINGS. See online help for details.
D:\XashFE\dev\src\mainui\utils.cpp(163,20): warning C4267: '=': conversion from 'size_t' to 'int', possible loss of data
D:\XashFE\dev\src\mainui\utils.cpp(190,2): warning C4996: 'strncpy': This function or variable may be unsafe. Consider using strncpy_s instead. To disable deprecation, use _CRT_SECURE_NO_WARNINGS. See online help for details.
D:\XashFE\dev\src\mainui\utils.cpp(261,8): warning C4996: 'stricmp': The POSIX name for this item is deprecated. Instead, use the ISO C and C++ conformant name: _stricmp. See online help for details.
D:\XashFE\dev\src\mainui\utils.cpp(1318,208): warning C4267: 'argument': conversion from 'size_t' to 'int', possible loss of data
D:\XashFE\dev\src\mainui\utils.cpp(1331,61): warning C4267: '=': conversion from 'size_t' to 'int', possible loss of data
D:\XashFE\dev\src\mainui\utils.cpp(1418,33): warning C4267: '=': conversion from 'size_t' to 'int', possible loss of data
D:\XashFE\dev\src\mainui\utils.cpp(1435,26): warning C4267: '=': conversion from 'size_t' to 'int', possible loss of data
D:\XashFE\dev\src\mainui\utils.cpp(1472,27): warning C4267: '=': conversion from 'size_t' to 'int', possible loss of data
D:\XashFE\dev\src\mainui\utils.cpp(1555,27): warning C4267: '=': conversion from 'size_t' to 'int', possible loss of data
D:\XashFE\dev\src\mainui\utils.cpp(1644,31): warning C4267: '=': conversion from 'size_t' to 'int', possible loss of data
D:\XashFE\dev\src\mainui\utils.cpp(1794,72): warning C4267: '=': conversion from 'size_t' to 'int', possible loss of data
D:\XashFE\dev\src\mainui\utils.cpp(1890,60): warning C4267: '=': conversion from 'size_t' to 'int', possible loss of data
D:\XashFE\dev\src\mainui\utils.cpp(2095,74): warning C4267: '=': conversion from 'size_t' to 'int', possible loss of data
D:\XashFE\dev\src\mainui\utils.cpp(2185,63): warning C4267: '=': conversion from 'size_t' to 'int', possible loss of data
  Generating Code...
C:\Program Files\Microsoft Visual Studio\2022\Preview\MSBuild\Microsoft\VC\v170\Microsoft.CppBuild.targets(1361,5): warning MSB8012: TargetPath(D:\XashFE\dev\src\x64\Debug\mainui.dll) does not match the Linker's OutputFile property value (D:\XashFE\menu.dll). This may cause your project to build incorrectly. To correct this, please make sure that $(OutDir), $(TargetName) and $(TargetExt) property values match the value specified in %(Link.OutputFile).
C:\Program Files\Microsoft Visual Studio\2022\Preview\MSBuild\Microsoft\VC\v170\Microsoft.CppBuild.targets(1363,5): warning MSB8012: TargetName(mainui) does not match the Linker's OutputFile property value (menu). This may cause your project to build incorrectly. To correct this, please make sure that $(OutDir), $(TargetName) and $(TargetExt) property values match the value specified in %(Link.OutputFile).
     Creating library .\..\temp\mainui\!debug\menu.lib and object .\..\temp\mainui\!debug\menu.exp
  mainui.vcxproj -> D:\XashFE\dev\src\x64\Debug\mainui.dll
