d:\devdragon\xashfe\dev\src\temp\mainui\!debug\mainui.bsc
d:\devdragon\xashfe\dev\src\temp\mainui\!debug\vc143.pdb
d:\devdragon\xashfe\dev\src\temp\mainui\!debug\vc143.idb
d:\devdragon\xashfe\dev\src\temp\mainui\!debug\utils.sbr
d:\devdragon\xashfe\dev\src\temp\mainui\!debug\ui_title_anim.sbr
d:\devdragon\xashfe\dev\src\temp\mainui\!debug\udll_int.sbr
d:\devdragon\xashfe\dev\src\temp\mainui\!debug\menu_vidoptions.sbr
d:\devdragon\xashfe\dev\src\temp\mainui\!debug\menu_vidmodes.sbr
d:\devdragon\xashfe\dev\src\temp\mainui\!debug\menu_video.sbr
d:\devdragon\xashfe\dev\src\temp\mainui\!debug\menu_strings.sbr
d:\devdragon\xashfe\dev\src\temp\mainui\!debug\menu_saveload.sbr
d:\devdragon\xashfe\dev\src\temp\mainui\!debug\menu_savegame.sbr
d:\devdragon\xashfe\dev\src\temp\mainui\!debug\menu_playersetup.sbr
d:\devdragon\xashfe\dev\src\temp\mainui\!debug\menu_newgame.sbr
d:\devdragon\xashfe\dev\src\temp\mainui\!debug\menu_multiplayer.sbr
d:\devdragon\xashfe\dev\src\temp\mainui\!debug\menu_main.sbr
d:\devdragon\xashfe\dev\src\temp\mainui\!debug\menu_loadgame.sbr
d:\devdragon\xashfe\dev\src\temp\mainui\!debug\menu_langame.sbr
d:\devdragon\xashfe\dev\src\temp\mainui\!debug\menu_internetgames.sbr
d:\devdragon\xashfe\dev\src\temp\mainui\!debug\menu_gameoptions.sbr
d:\devdragon\xashfe\dev\src\temp\mainui\!debug\menu_customgame.sbr
d:\devdragon\xashfe\dev\src\temp\mainui\!debug\menu_credits.sbr
d:\devdragon\xashfe\dev\src\temp\mainui\!debug\menu_creategame.sbr
d:\devdragon\xashfe\dev\src\temp\mainui\!debug\menu_creategame.obj
d:\devdragon\xashfe\dev\src\temp\mainui\!debug\menu_credits.obj
d:\devdragon\xashfe\dev\src\temp\mainui\!debug\menu_customgame.obj
d:\devdragon\xashfe\dev\src\temp\mainui\!debug\menu_gameoptions.obj
d:\devdragon\xashfe\dev\src\temp\mainui\!debug\menu_internetgames.obj
d:\devdragon\xashfe\dev\src\temp\mainui\!debug\menu_langame.obj
d:\devdragon\xashfe\dev\src\temp\mainui\!debug\menu_loadgame.obj
d:\devdragon\xashfe\dev\src\temp\mainui\!debug\menu_main.obj
d:\devdragon\xashfe\dev\src\temp\mainui\!debug\menu_multiplayer.obj
d:\devdragon\xashfe\dev\src\temp\mainui\!debug\menu_newgame.obj
d:\devdragon\xashfe\dev\src\temp\mainui\!debug\menu_playersetup.obj
d:\devdragon\xashfe\dev\src\temp\mainui\!debug\menu_savegame.obj
d:\devdragon\xashfe\dev\src\temp\mainui\!debug\menu_saveload.obj
d:\devdragon\xashfe\dev\src\temp\mainui\!debug\menu_strings.obj
d:\devdragon\xashfe\dev\src\temp\mainui\!debug\menu_video.obj
d:\devdragon\xashfe\dev\src\temp\mainui\!debug\menu_vidmodes.obj
d:\devdragon\xashfe\dev\src\temp\mainui\!debug\menu_vidoptions.obj
d:\devdragon\xashfe\dev\src\temp\mainui\!debug\udll_int.obj
d:\devdragon\xashfe\dev\src\temp\mainui\!debug\ui_title_anim.obj
d:\devdragon\xashfe\dev\src\temp\mainui\!debug\utils.obj
d:\devdragon\xashfe\dev\src\temp\mainui\!debug\menu_controls.sbr
d:\devdragon\xashfe\dev\src\temp\mainui\!debug\menu_configuration.sbr
d:\devdragon\xashfe\dev\src\temp\mainui\!debug\menu_btns.sbr
d:\devdragon\xashfe\dev\src\temp\mainui\!debug\menu_audio.sbr
d:\devdragon\xashfe\dev\src\temp\mainui\!debug\menu_advcontrols.sbr
d:\devdragon\xashfe\dev\src\temp\mainui\!debug\basemenu.sbr
d:\devdragon\xashfe\dev\src\temp\mainui\!debug\basemenu.obj
d:\devdragon\xashfe\dev\src\temp\mainui\!debug\menu_advcontrols.obj
d:\devdragon\xashfe\dev\src\temp\mainui\!debug\menu_audio.obj
d:\devdragon\xashfe\dev\src\temp\mainui\!debug\menu_btns.obj
d:\devdragon\xashfe\dev\src\temp\mainui\!debug\menu_configuration.obj
d:\devdragon\xashfe\dev\src\temp\mainui\!debug\menu_controls.obj
d:\devdragon\xashfe\dev\src\temp\mainui\!debug\mainui.ilk
d:\devdragon\xashfe\menu.dll
d:\devdragon\xashfe\mainui.pdb
d:\devdragon\xashfe\dev\src\temp\mainui\!debug\menu.lib
d:\devdragon\xashfe\dev\src\temp\mainui\!debug\menu.exp
d:\devdragon\xashfe\dev\src\..\..\mainui.pdb
d:\devdragon\xashfe\dev\src\temp\mainui\!debug\mainui.tlog\bscmake.command.1.tlog
d:\devdragon\xashfe\dev\src\temp\mainui\!debug\mainui.tlog\bscmake.read.1.tlog
d:\devdragon\xashfe\dev\src\temp\mainui\!debug\mainui.tlog\bscmake.write.1.tlog
d:\devdragon\xashfe\dev\src\temp\mainui\!debug\mainui.tlog\cl.command.1.tlog
d:\devdragon\xashfe\dev\src\temp\mainui\!debug\mainui.tlog\cl.items.tlog
d:\devdragon\xashfe\dev\src\temp\mainui\!debug\mainui.tlog\cl.read.1.tlog
d:\devdragon\xashfe\dev\src\temp\mainui\!debug\mainui.tlog\cl.write.1.tlog
d:\devdragon\xashfe\dev\src\temp\mainui\!debug\mainui.tlog\link.command.1.tlog
d:\devdragon\xashfe\dev\src\temp\mainui\!debug\mainui.tlog\link.read.1.tlog
d:\devdragon\xashfe\dev\src\temp\mainui\!debug\mainui.tlog\link.write.1.tlog
d:\devdragon\xashfe\dev\src\temp\mainui\!debug\mainui.tlog\link.write.2u.tlog
