d:\xashfe\dev\src\temp\cl_dll\!release\vc142.pdb
d:\xashfe\dev\src\temp\cl_dll\!release\vgui_scrollbar2.obj
d:\xashfe\dev\src\temp\cl_dll\!release\vgui_loadtga.obj
d:\xashfe\dev\src\temp\cl_dll\!release\vgui_listbox.obj
d:\xashfe\dev\src\temp\cl_dll\!release\vgui_helpers.obj
d:\xashfe\dev\src\temp\cl_dll\!release\vgui_grid.obj
d:\xashfe\dev\src\temp\cl_dll\!release\vgui_checkbutton2.obj
d:\xashfe\dev\src\temp\cl_dll\!release\tripmine.obj
d:\xashfe\dev\src\temp\cl_dll\!release\squeakgrenade.obj
d:\xashfe\dev\src\temp\cl_dll\!release\shotgun.obj
d:\xashfe\dev\src\temp\cl_dll\!release\satchel.obj
d:\xashfe\dev\src\temp\cl_dll\!release\rpg.obj
d:\xashfe\dev\src\temp\cl_dll\!release\python.obj
d:\xashfe\dev\src\temp\cl_dll\!release\mp5.obj
d:\xashfe\dev\src\temp\cl_dll\!release\hornetgun.obj
d:\xashfe\dev\src\temp\cl_dll\!release\handgrenade.obj
d:\xashfe\dev\src\temp\cl_dll\!release\glock.obj
d:\xashfe\dev\src\temp\cl_dll\!release\gauss.obj
d:\xashfe\dev\src\temp\cl_dll\!release\egon.obj
d:\xashfe\dev\src\temp\cl_dll\!release\crowbar.obj
d:\xashfe\dev\src\temp\cl_dll\!release\crossbow.obj
d:\xashfe\dev\src\temp\cl_dll\!release\hl_baseentity.obj
d:\xashfe\dev\src\temp\cl_dll\!release\health.obj
d:\xashfe\dev\src\temp\cl_dll\!release\geiger.obj
d:\xashfe\dev\src\temp\cl_dll\!release\gamestudiomodelrenderer.obj
d:\xashfe\dev\src\temp\cl_dll\!release\flashlight.obj
d:\xashfe\dev\src\temp\cl_dll\!release\ev_hldm.obj
d:\xashfe\dev\src\temp\cl_dll\!release\ev_common.obj
d:\xashfe\dev\src\temp\cl_dll\!release\events.obj
d:\xashfe\dev\src\temp\cl_dll\!release\entity.obj
d:\xashfe\dev\src\temp\cl_dll\!release\demo.obj
d:\xashfe\dev\src\temp\cl_dll\!release\death.obj
d:\xashfe\dev\src\temp\cl_dll\!release\com_weapons.obj
d:\xashfe\dev\src\temp\cl_dll\!release\cdll_int.obj
d:\xashfe\dev\src\temp\cl_dll\!release\battery.obj
d:\xashfe\dev\src\temp\cl_dll\!release\ammo_secondary.obj
d:\xashfe\dev\src\temp\cl_dll\!release\ammohistory.obj
d:\xashfe\dev\src\temp\cl_dll\!release\ammo.obj
d:\xashfe\dev\src\temp\cl_dll\!release\voice_status.obj
d:\xashfe\dev\src\temp\cl_dll\!release\voice_banmgr.obj
d:\xashfe\dev\src\temp\cl_dll\!release\vgui_slider2.obj
d:\xashfe\dev\src\temp\cl_dll\!release\studio_util.obj
d:\xashfe\dev\src\temp\cl_dll\!release\studiomodelrenderer.obj
d:\xashfe\dev\src\temp\cl_dll\!release\status_icons.obj
d:\xashfe\dev\src\temp\cl_dll\!release\statusbar.obj
d:\xashfe\dev\src\temp\cl_dll\!release\saytext.obj
d:\xashfe\dev\src\temp\cl_dll\!release\parsemsg.obj
d:\xashfe\dev\src\temp\cl_dll\!release\message.obj
d:\xashfe\dev\src\temp\cl_dll\!release\menu.obj
d:\xashfe\dev\src\temp\cl_dll\!release\in_camera.obj
d:\xashfe\dev\src\temp\cl_dll\!release\inputw32.obj
d:\xashfe\dev\src\temp\cl_dll\!release\input.obj
d:\xashfe\dev\src\temp\cl_dll\!release\hud_update.obj
d:\xashfe\dev\src\temp\cl_dll\!release\hud_spectator.obj
d:\xashfe\dev\src\temp\cl_dll\!release\hud_servers.obj
d:\xashfe\dev\src\temp\cl_dll\!release\hud_redraw.obj
d:\xashfe\dev\src\temp\cl_dll\!release\hud_msg.obj
d:\xashfe\dev\src\temp\cl_dll\!release\hud.obj
d:\xashfe\dev\src\temp\cl_dll\!release\hl_weapons.obj
d:\xashfe\dev\src\temp\cl_dll\!release\hl_objects.obj
d:\xashfe\dev\src\temp\cl_dll\!release\hl_events.obj
d:\xashfe\dev\src\temp\cl_dll\!release\view.obj
d:\xashfe\dev\src\temp\cl_dll\!release\vgui_teammenu.obj
d:\xashfe\dev\src\temp\cl_dll\!release\vgui_teamfortressviewport.obj
d:\xashfe\dev\src\temp\cl_dll\!release\vgui_spectatorpanel.obj
d:\xashfe\dev\src\temp\cl_dll\!release\vgui_serverbrowser.obj
d:\xashfe\dev\src\temp\cl_dll\!release\vgui_scorepanel.obj
d:\xashfe\dev\src\temp\cl_dll\!release\vgui_schememanager.obj
d:\xashfe\dev\src\temp\cl_dll\!release\vgui_motdwindow.obj
d:\xashfe\dev\src\temp\cl_dll\!release\vgui_int.obj
d:\xashfe\dev\src\temp\cl_dll\!release\vgui_customobjects.obj
d:\xashfe\dev\src\temp\cl_dll\!release\vgui_controlconfigpanel.obj
d:\xashfe\dev\src\temp\cl_dll\!release\vgui_consolepanel.obj
d:\xashfe\dev\src\temp\cl_dll\!release\vgui_classmenu.obj
d:\xashfe\dev\src\temp\cl_dll\!release\util.obj
d:\xashfe\dev\src\temp\cl_dll\!release\tri.obj
d:\xashfe\dev\src\temp\cl_dll\!release\train.obj
d:\xashfe\dev\src\temp\cl_dll\!release\text_message.obj
d:\xashfe\dev\src\temp\cl_dll\!release\pm_shared.obj
d:\xashfe\dev\src\temp\cl_dll\!release\pm_math.obj
d:\xashfe\dev\src\temp\cl_dll\!release\pm_debug.obj
d:\xashfe\dev\src\temp\cl_dll\!release\client.lib
d:\xashfe\dev\src\temp\cl_dll\!release\client.exp
d:\xashfe\dev\fareast\cl_dlls\client.dll
d:\xashfe\fareast\cl_dlls\cl_dll.pdb
d:\xashfe\dev\src\..\..\fareast\cl_dlls\cl_dll.pdb
d:\xashfe\dev\src\temp\cl_dll\!release\cl_dll.tlog\cl.command.1.tlog
d:\xashfe\dev\src\temp\cl_dll\!release\cl_dll.tlog\cl.read.1.tlog
d:\xashfe\dev\src\temp\cl_dll\!release\cl_dll.tlog\cl.write.1.tlog
d:\xashfe\dev\src\temp\cl_dll\!release\cl_dll.tlog\cl_dll.write.1u.tlog
d:\xashfe\dev\src\temp\cl_dll\!release\cl_dll.tlog\link.command.1.tlog
d:\xashfe\dev\src\temp\cl_dll\!release\cl_dll.tlog\link.read.1.tlog
d:\xashfe\dev\src\temp\cl_dll\!release\cl_dll.tlog\link.write.1.tlog
