d:\devdragon\xashfe\dev\src\temp\cl_dll\!debug\cl_dll.bsc
d:\devdragon\xashfe\dev\src\temp\cl_dll\!debug\vc143.pdb
d:\devdragon\xashfe\dev\src\temp\cl_dll\!debug\vc143.idb
d:\devdragon\xashfe\dev\src\temp\cl_dll\!debug\view.sbr
d:\devdragon\xashfe\dev\src\temp\cl_dll\!debug\vgui_teammenu.sbr
d:\devdragon\xashfe\dev\src\temp\cl_dll\!debug\vgui_teamfortressviewport.sbr
d:\devdragon\xashfe\dev\src\temp\cl_dll\!debug\vgui_spectatorpanel.sbr
d:\devdragon\xashfe\dev\src\temp\cl_dll\!debug\vgui_serverbrowser.sbr
d:\devdragon\xashfe\dev\src\temp\cl_dll\!debug\vgui_scorepanel.sbr
d:\devdragon\xashfe\dev\src\temp\cl_dll\!debug\vgui_schememanager.sbr
d:\devdragon\xashfe\dev\src\temp\cl_dll\!debug\vgui_motdwindow.sbr
d:\devdragon\xashfe\dev\src\temp\cl_dll\!debug\vgui_int.sbr
d:\devdragon\xashfe\dev\src\temp\cl_dll\!debug\vgui_customobjects.sbr
d:\devdragon\xashfe\dev\src\temp\cl_dll\!debug\vgui_controlconfigpanel.sbr
d:\devdragon\xashfe\dev\src\temp\cl_dll\!debug\vgui_consolepanel.sbr
d:\devdragon\xashfe\dev\src\temp\cl_dll\!debug\vgui_classmenu.sbr
d:\devdragon\xashfe\dev\src\temp\cl_dll\!debug\util.sbr
d:\devdragon\xashfe\dev\src\temp\cl_dll\!debug\tri.sbr
d:\devdragon\xashfe\dev\src\temp\cl_dll\!debug\train.sbr
d:\devdragon\xashfe\dev\src\temp\cl_dll\!debug\text_message.sbr
d:\devdragon\xashfe\dev\src\temp\cl_dll\!debug\studio_util.sbr
d:\devdragon\xashfe\dev\src\temp\cl_dll\!debug\studiomodelrenderer.sbr
d:\devdragon\xashfe\dev\src\temp\cl_dll\!debug\status_icons.sbr
d:\devdragon\xashfe\dev\src\temp\cl_dll\!debug\status_icons.obj
d:\devdragon\xashfe\dev\src\temp\cl_dll\!debug\studiomodelrenderer.obj
d:\devdragon\xashfe\dev\src\temp\cl_dll\!debug\studio_util.obj
d:\devdragon\xashfe\dev\src\temp\cl_dll\!debug\text_message.obj
d:\devdragon\xashfe\dev\src\temp\cl_dll\!debug\train.obj
d:\devdragon\xashfe\dev\src\temp\cl_dll\!debug\tri.obj
d:\devdragon\xashfe\dev\src\temp\cl_dll\!debug\util.obj
d:\devdragon\xashfe\dev\src\temp\cl_dll\!debug\vgui_classmenu.obj
d:\devdragon\xashfe\dev\src\temp\cl_dll\!debug\vgui_consolepanel.obj
d:\devdragon\xashfe\dev\src\temp\cl_dll\!debug\vgui_controlconfigpanel.obj
d:\devdragon\xashfe\dev\src\temp\cl_dll\!debug\vgui_customobjects.obj
d:\devdragon\xashfe\dev\src\temp\cl_dll\!debug\vgui_int.obj
d:\devdragon\xashfe\dev\src\temp\cl_dll\!debug\vgui_motdwindow.obj
d:\devdragon\xashfe\dev\src\temp\cl_dll\!debug\vgui_schememanager.obj
d:\devdragon\xashfe\dev\src\temp\cl_dll\!debug\vgui_scorepanel.obj
d:\devdragon\xashfe\dev\src\temp\cl_dll\!debug\vgui_serverbrowser.obj
d:\devdragon\xashfe\dev\src\temp\cl_dll\!debug\vgui_spectatorpanel.obj
d:\devdragon\xashfe\dev\src\temp\cl_dll\!debug\vgui_teamfortressviewport.obj
d:\devdragon\xashfe\dev\src\temp\cl_dll\!debug\vgui_teammenu.obj
d:\devdragon\xashfe\dev\src\temp\cl_dll\!debug\view.obj
d:\devdragon\xashfe\dev\src\temp\cl_dll\!debug\statusbar.sbr
d:\devdragon\xashfe\dev\src\temp\cl_dll\!debug\saytext.sbr
d:\devdragon\xashfe\dev\src\temp\cl_dll\!debug\parsemsg.sbr
d:\devdragon\xashfe\dev\src\temp\cl_dll\!debug\message.sbr
d:\devdragon\xashfe\dev\src\temp\cl_dll\!debug\menu.sbr
d:\devdragon\xashfe\dev\src\temp\cl_dll\!debug\in_camera.sbr
d:\devdragon\xashfe\dev\src\temp\cl_dll\!debug\inputw32.sbr
d:\devdragon\xashfe\dev\src\temp\cl_dll\!debug\input.sbr
d:\devdragon\xashfe\dev\src\temp\cl_dll\!debug\hud_update.sbr
d:\devdragon\xashfe\dev\src\temp\cl_dll\!debug\hud_spectator.sbr
d:\devdragon\xashfe\dev\src\temp\cl_dll\!debug\hud_servers.sbr
d:\devdragon\xashfe\dev\src\temp\cl_dll\!debug\hud_redraw.sbr
d:\devdragon\xashfe\dev\src\temp\cl_dll\!debug\hud_msg.sbr
d:\devdragon\xashfe\dev\src\temp\cl_dll\!debug\hud.sbr
d:\devdragon\xashfe\dev\src\temp\cl_dll\!debug\hl_weapons.sbr
d:\devdragon\xashfe\dev\src\temp\cl_dll\!debug\hl_objects.sbr
d:\devdragon\xashfe\dev\src\temp\cl_dll\!debug\hl_events.sbr
d:\devdragon\xashfe\dev\src\temp\cl_dll\!debug\hl_baseentity.sbr
d:\devdragon\xashfe\dev\src\temp\cl_dll\!debug\health.sbr
d:\devdragon\xashfe\dev\src\temp\cl_dll\!debug\geiger.sbr
d:\devdragon\xashfe\dev\src\temp\cl_dll\!debug\geiger.obj
d:\devdragon\xashfe\dev\src\temp\cl_dll\!debug\health.obj
d:\devdragon\xashfe\dev\src\temp\cl_dll\!debug\hl_baseentity.obj
d:\devdragon\xashfe\dev\src\temp\cl_dll\!debug\hl_events.obj
d:\devdragon\xashfe\dev\src\temp\cl_dll\!debug\hl_objects.obj
d:\devdragon\xashfe\dev\src\temp\cl_dll\!debug\hl_weapons.obj
d:\devdragon\xashfe\dev\src\temp\cl_dll\!debug\hud.obj
d:\devdragon\xashfe\dev\src\temp\cl_dll\!debug\hud_msg.obj
d:\devdragon\xashfe\dev\src\temp\cl_dll\!debug\hud_redraw.obj
d:\devdragon\xashfe\dev\src\temp\cl_dll\!debug\hud_servers.obj
d:\devdragon\xashfe\dev\src\temp\cl_dll\!debug\hud_spectator.obj
d:\devdragon\xashfe\dev\src\temp\cl_dll\!debug\hud_update.obj
d:\devdragon\xashfe\dev\src\temp\cl_dll\!debug\input.obj
d:\devdragon\xashfe\dev\src\temp\cl_dll\!debug\inputw32.obj
d:\devdragon\xashfe\dev\src\temp\cl_dll\!debug\in_camera.obj
d:\devdragon\xashfe\dev\src\temp\cl_dll\!debug\menu.obj
d:\devdragon\xashfe\dev\src\temp\cl_dll\!debug\message.obj
d:\devdragon\xashfe\dev\src\temp\cl_dll\!debug\parsemsg.obj
d:\devdragon\xashfe\dev\src\temp\cl_dll\!debug\saytext.obj
d:\devdragon\xashfe\dev\src\temp\cl_dll\!debug\statusbar.obj
d:\devdragon\xashfe\dev\src\temp\cl_dll\!debug\gamestudiomodelrenderer.sbr
d:\devdragon\xashfe\dev\src\temp\cl_dll\!debug\flashlight.sbr
d:\devdragon\xashfe\dev\src\temp\cl_dll\!debug\ev_hldm.sbr
d:\devdragon\xashfe\dev\src\temp\cl_dll\!debug\ev_common.sbr
d:\devdragon\xashfe\dev\src\temp\cl_dll\!debug\events.sbr
d:\devdragon\xashfe\dev\src\temp\cl_dll\!debug\entity.sbr
d:\devdragon\xashfe\dev\src\temp\cl_dll\!debug\demo.sbr
d:\devdragon\xashfe\dev\src\temp\cl_dll\!debug\death.sbr
d:\devdragon\xashfe\dev\src\temp\cl_dll\!debug\crosshairs.sbr
d:\devdragon\xashfe\dev\src\temp\cl_dll\!debug\com_weapons.sbr
d:\devdragon\xashfe\dev\src\temp\cl_dll\!debug\cdll_int.sbr
d:\devdragon\xashfe\dev\src\temp\cl_dll\!debug\battery.sbr
d:\devdragon\xashfe\dev\src\temp\cl_dll\!debug\ammo_secondary.sbr
d:\devdragon\xashfe\dev\src\temp\cl_dll\!debug\ammohistory.sbr
d:\devdragon\xashfe\dev\src\temp\cl_dll\!debug\ammo.sbr
d:\devdragon\xashfe\dev\src\temp\cl_dll\!debug\voice_status.sbr
d:\devdragon\xashfe\dev\src\temp\cl_dll\!debug\voice_banmgr.sbr
d:\devdragon\xashfe\dev\src\temp\cl_dll\!debug\vgui_slider2.sbr
d:\devdragon\xashfe\dev\src\temp\cl_dll\!debug\vgui_scrollbar2.sbr
d:\devdragon\xashfe\dev\src\temp\cl_dll\!debug\vgui_loadtga.sbr
d:\devdragon\xashfe\dev\src\temp\cl_dll\!debug\vgui_loadtga.obj
d:\devdragon\xashfe\dev\src\temp\cl_dll\!debug\vgui_scrollbar2.obj
d:\devdragon\xashfe\dev\src\temp\cl_dll\!debug\vgui_slider2.obj
d:\devdragon\xashfe\dev\src\temp\cl_dll\!debug\voice_banmgr.obj
d:\devdragon\xashfe\dev\src\temp\cl_dll\!debug\voice_status.obj
d:\devdragon\xashfe\dev\src\temp\cl_dll\!debug\ammo.obj
d:\devdragon\xashfe\dev\src\temp\cl_dll\!debug\ammohistory.obj
d:\devdragon\xashfe\dev\src\temp\cl_dll\!debug\ammo_secondary.obj
d:\devdragon\xashfe\dev\src\temp\cl_dll\!debug\battery.obj
d:\devdragon\xashfe\dev\src\temp\cl_dll\!debug\cdll_int.obj
d:\devdragon\xashfe\dev\src\temp\cl_dll\!debug\com_weapons.obj
d:\devdragon\xashfe\dev\src\temp\cl_dll\!debug\crosshairs.obj
d:\devdragon\xashfe\dev\src\temp\cl_dll\!debug\death.obj
d:\devdragon\xashfe\dev\src\temp\cl_dll\!debug\demo.obj
d:\devdragon\xashfe\dev\src\temp\cl_dll\!debug\entity.obj
d:\devdragon\xashfe\dev\src\temp\cl_dll\!debug\events.obj
d:\devdragon\xashfe\dev\src\temp\cl_dll\!debug\ev_common.obj
d:\devdragon\xashfe\dev\src\temp\cl_dll\!debug\ev_hldm.obj
d:\devdragon\xashfe\dev\src\temp\cl_dll\!debug\flashlight.obj
d:\devdragon\xashfe\dev\src\temp\cl_dll\!debug\gamestudiomodelrenderer.obj
d:\devdragon\xashfe\dev\src\temp\cl_dll\!debug\vgui_listbox.sbr
d:\devdragon\xashfe\dev\src\temp\cl_dll\!debug\vgui_helpers.sbr
d:\devdragon\xashfe\dev\src\temp\cl_dll\!debug\vgui_grid.sbr
d:\devdragon\xashfe\dev\src\temp\cl_dll\!debug\vgui_checkbutton2.sbr
d:\devdragon\xashfe\dev\src\temp\cl_dll\!debug\weaponenum.sbr
d:\devdragon\xashfe\dev\src\temp\cl_dll\!debug\tripmine.sbr
d:\devdragon\xashfe\dev\src\temp\cl_dll\!debug\squeakgrenade.sbr
d:\devdragon\xashfe\dev\src\temp\cl_dll\!debug\shotgun.sbr
d:\devdragon\xashfe\dev\src\temp\cl_dll\!debug\satchel.sbr
d:\devdragon\xashfe\dev\src\temp\cl_dll\!debug\rpg.sbr
d:\devdragon\xashfe\dev\src\temp\cl_dll\!debug\python.sbr
d:\devdragon\xashfe\dev\src\temp\cl_dll\!debug\mp5.sbr
d:\devdragon\xashfe\dev\src\temp\cl_dll\!debug\hornetgun.sbr
d:\devdragon\xashfe\dev\src\temp\cl_dll\!debug\handgrenade.sbr
d:\devdragon\xashfe\dev\src\temp\cl_dll\!debug\glock.sbr
d:\devdragon\xashfe\dev\src\temp\cl_dll\!debug\gauss.sbr
d:\devdragon\xashfe\dev\src\temp\cl_dll\!debug\egon.sbr
d:\devdragon\xashfe\dev\src\temp\cl_dll\!debug\dmg.sbr
d:\devdragon\xashfe\dev\src\temp\cl_dll\!debug\crowbar.sbr
d:\devdragon\xashfe\dev\src\temp\cl_dll\!debug\crossbow.sbr
d:\devdragon\xashfe\dev\src\temp\cl_dll\!debug\crossbow.obj
d:\devdragon\xashfe\dev\src\temp\cl_dll\!debug\crowbar.obj
d:\devdragon\xashfe\dev\src\temp\cl_dll\!debug\dmg.obj
d:\devdragon\xashfe\dev\src\temp\cl_dll\!debug\egon.obj
d:\devdragon\xashfe\dev\src\temp\cl_dll\!debug\gauss.obj
d:\devdragon\xashfe\dev\src\temp\cl_dll\!debug\glock.obj
d:\devdragon\xashfe\dev\src\temp\cl_dll\!debug\handgrenade.obj
d:\devdragon\xashfe\dev\src\temp\cl_dll\!debug\hornetgun.obj
d:\devdragon\xashfe\dev\src\temp\cl_dll\!debug\mp5.obj
d:\devdragon\xashfe\dev\src\temp\cl_dll\!debug\python.obj
d:\devdragon\xashfe\dev\src\temp\cl_dll\!debug\rpg.obj
d:\devdragon\xashfe\dev\src\temp\cl_dll\!debug\satchel.obj
d:\devdragon\xashfe\dev\src\temp\cl_dll\!debug\shotgun.obj
d:\devdragon\xashfe\dev\src\temp\cl_dll\!debug\squeakgrenade.obj
d:\devdragon\xashfe\dev\src\temp\cl_dll\!debug\tripmine.obj
d:\devdragon\xashfe\dev\src\temp\cl_dll\!debug\weaponenum.obj
d:\devdragon\xashfe\dev\src\temp\cl_dll\!debug\vgui_checkbutton2.obj
d:\devdragon\xashfe\dev\src\temp\cl_dll\!debug\vgui_grid.obj
d:\devdragon\xashfe\dev\src\temp\cl_dll\!debug\vgui_helpers.obj
d:\devdragon\xashfe\dev\src\temp\cl_dll\!debug\vgui_listbox.obj
d:\devdragon\xashfe\dev\src\temp\cl_dll\!debug\ammotype.sbr
d:\devdragon\xashfe\dev\src\temp\cl_dll\!debug\ammotype.obj
d:\devdragon\xashfe\dev\src\temp\cl_dll\!debug\pm_shared.sbr
d:\devdragon\xashfe\dev\src\temp\cl_dll\!debug\pm_math.sbr
d:\devdragon\xashfe\dev\src\temp\cl_dll\!debug\pm_debug.sbr
d:\devdragon\xashfe\dev\src\temp\cl_dll\!debug\pm_debug.obj
d:\devdragon\xashfe\dev\src\temp\cl_dll\!debug\pm_math.obj
d:\devdragon\xashfe\dev\src\temp\cl_dll\!debug\pm_shared.obj
d:\devdragon\xashfe\dev\src\temp\cl_dll\!debug\client.lib
d:\devdragon\xashfe\dev\src\temp\cl_dll\!debug\client.exp
d:\devdragon\xashfe\fareast\cl_dlls\client.dll
d:\devdragon\xashfe\dev\src\temp\cl_dll\!debug\client.ilk
d:\devdragon\xashfe\fareast\cl_dlls\client.pdb
d:\devdragon\xashfe\dev\src\..\..\fareast\cl_dlls\client.pdb
d:\devdragon\xashfe\dev\src\temp\cl_dll\!debug\client.tlog\bscmake.command.1.tlog
d:\devdragon\xashfe\dev\src\temp\cl_dll\!debug\client.tlog\bscmake.read.1.tlog
d:\devdragon\xashfe\dev\src\temp\cl_dll\!debug\client.tlog\bscmake.write.1.tlog
d:\devdragon\xashfe\dev\src\temp\cl_dll\!debug\client.tlog\cl.command.1.tlog
d:\devdragon\xashfe\dev\src\temp\cl_dll\!debug\client.tlog\cl.items.tlog
d:\devdragon\xashfe\dev\src\temp\cl_dll\!debug\client.tlog\cl.read.1.tlog
d:\devdragon\xashfe\dev\src\temp\cl_dll\!debug\client.tlog\cl.write.1.tlog
d:\devdragon\xashfe\dev\src\temp\cl_dll\!debug\client.tlog\link.command.1.tlog
d:\devdragon\xashfe\dev\src\temp\cl_dll\!debug\client.tlog\link.read.1.tlog
d:\devdragon\xashfe\dev\src\temp\cl_dll\!debug\client.tlog\link.write.1.tlog
d:\devdragon\xashfe\dev\src\temp\cl_dll\!debug\client.tlog\link.write.2u.tlog
