d:\xashfe\dev\src\temp\engine\!release\vc142.pdb
d:\xashfe\dev\src\temp\engine\!release\gl_backend.obj
d:\xashfe\dev\src\temp\engine\!release\gl_alias.obj
d:\xashfe\dev\src\temp\engine\!release\cl_view.obj
d:\xashfe\dev\src\temp\engine\!release\cl_video.obj
d:\xashfe\dev\src\temp\engine\!release\cl_tent.obj
d:\xashfe\dev\src\temp\engine\!release\cl_scrn.obj
d:\xashfe\dev\src\temp\engine\!release\cl_remap.obj
d:\xashfe\dev\src\temp\engine\!release\cl_qparse.obj
d:\xashfe\dev\src\temp\engine\!release\cl_pmove.obj
d:\xashfe\dev\src\temp\engine\!release\cl_parse.obj
d:\xashfe\dev\src\temp\engine\!release\cl_netgraph.obj
d:\xashfe\dev\src\temp\engine\!release\cl_main.obj
d:\xashfe\dev\src\temp\engine\!release\cl_gameui.obj
d:\xashfe\dev\src\temp\engine\!release\cl_game.obj
d:\xashfe\dev\src\temp\engine\!release\cl_frame.obj
d:\xashfe\dev\src\temp\engine\!release\cl_events.obj
d:\xashfe\dev\src\temp\engine\!release\cl_demo.obj
d:\xashfe\dev\src\temp\engine\!release\cl_debug.obj
d:\xashfe\dev\src\temp\engine\!release\cl_custom.obj
d:\xashfe\dev\src\temp\engine\!release\cl_cmds.obj
d:\xashfe\dev\src\temp\engine\!release\s_load.obj
d:\xashfe\dev\src\temp\engine\!release\s_dsp.obj
d:\xashfe\dev\src\temp\engine\!release\s_backend.obj
d:\xashfe\dev\src\temp\engine\!release\gl_warp.obj
d:\xashfe\dev\src\temp\engine\!release\gl_vidnt.obj
d:\xashfe\dev\src\temp\engine\!release\gl_studio.obj
d:\xashfe\dev\src\temp\engine\!release\gl_sprite.obj
d:\xashfe\dev\src\temp\engine\!release\gl_rsurf.obj
d:\xashfe\dev\src\temp\engine\!release\gl_rpart.obj
d:\xashfe\dev\src\temp\engine\!release\gl_rmisc.obj
d:\xashfe\dev\src\temp\engine\!release\gl_rmath.obj
d:\xashfe\dev\src\temp\engine\!release\gl_rmain.obj
d:\xashfe\dev\src\temp\engine\!release\gl_rlight.obj
d:\xashfe\dev\src\temp\engine\!release\gl_refrag.obj
d:\xashfe\dev\src\temp\engine\!release\gl_image.obj
d:\xashfe\dev\src\temp\engine\!release\gl_frustum.obj
d:\xashfe\dev\src\temp\engine\!release\gl_draw.obj
d:\xashfe\dev\src\temp\engine\!release\gl_decals.obj
d:\xashfe\dev\src\temp\engine\!release\gl_cull.obj
d:\xashfe\dev\src\temp\engine\!release\gl_beams.obj
d:\xashfe\dev\src\temp\engine\!release\gamma.obj
d:\xashfe\dev\src\temp\engine\!release\filesystem.obj
d:\xashfe\dev\src\temp\engine\!release\cvar.obj
d:\xashfe\dev\src\temp\engine\!release\custom.obj
d:\xashfe\dev\src\temp\engine\!release\crtlib.obj
d:\xashfe\dev\src\temp\engine\!release\crclib.obj
d:\xashfe\dev\src\temp\engine\!release\con_utils.obj
d:\xashfe\dev\src\temp\engine\!release\console.obj
d:\xashfe\dev\src\temp\engine\!release\common.obj
d:\xashfe\dev\src\temp\engine\!release\cmd.obj
d:\xashfe\dev\src\temp\engine\!release\cfgscript.obj
d:\xashfe\dev\src\temp\engine\!release\build.obj
d:\xashfe\dev\src\temp\engine\!release\avikit.obj
d:\xashfe\dev\src\temp\engine\!release\vgui_draw.obj
d:\xashfe\dev\src\temp\engine\!release\s_vox.obj
d:\xashfe\dev\src\temp\engine\!release\s_utils.obj
d:\xashfe\dev\src\temp\engine\!release\s_stream.obj
d:\xashfe\dev\src\temp\engine\!release\s_mouth.obj
d:\xashfe\dev\src\temp\engine\!release\s_mix.obj
d:\xashfe\dev\src\temp\engine\!release\s_main.obj
d:\xashfe\dev\src\temp\engine\!release\mod_studio.obj
d:\xashfe\dev\src\temp\engine\!release\mod_dbghulls.obj
d:\xashfe\dev\src\temp\engine\!release\mod_bmodel.obj
d:\xashfe\dev\src\temp\engine\!release\model.obj
d:\xashfe\dev\src\temp\engine\!release\matrixlib.obj
d:\xashfe\dev\src\temp\engine\!release\mathlib.obj
d:\xashfe\dev\src\temp\engine\!release\library.obj
d:\xashfe\dev\src\temp\engine\!release\keys.obj
d:\xashfe\dev\src\temp\engine\!release\input.obj
d:\xashfe\dev\src\temp\engine\!release\infostring.obj
d:\xashfe\dev\src\temp\engine\!release\img_wad.obj
d:\xashfe\dev\src\temp\engine\!release\img_utils.obj
d:\xashfe\dev\src\temp\engine\!release\img_tga.obj
d:\xashfe\dev\src\temp\engine\!release\img_quant.obj
d:\xashfe\dev\src\temp\engine\!release\img_main.obj
d:\xashfe\dev\src\temp\engine\!release\img_dds.obj
d:\xashfe\dev\src\temp\engine\!release\img_bmp.obj
d:\xashfe\dev\src\temp\engine\!release\hpak.obj
d:\xashfe\dev\src\temp\engine\!release\host_state.obj
d:\xashfe\dev\src\temp\engine\!release\host.obj
d:\xashfe\dev\src\temp\engine\!release\sv_frame.obj
d:\xashfe\dev\src\temp\engine\!release\sv_custom.obj
d:\xashfe\dev\src\temp\engine\!release\sv_cmds.obj
d:\xashfe\dev\src\temp\engine\!release\sv_client.obj
d:\xashfe\dev\src\temp\engine\!release\zone.obj
d:\xashfe\dev\src\temp\engine\!release\world.obj
d:\xashfe\dev\src\temp\engine\!release\titles.obj
d:\xashfe\dev\src\temp\engine\!release\sys_win.obj
d:\xashfe\dev\src\temp\engine\!release\sys_con.obj
d:\xashfe\dev\src\temp\engine\!release\snd_wav.obj
d:\xashfe\dev\src\temp\engine\!release\snd_utils.obj
d:\xashfe\dev\src\temp\engine\!release\snd_mp3.obj
d:\xashfe\dev\src\temp\engine\!release\snd_main.obj
d:\xashfe\dev\src\temp\engine\!release\pm_trace.obj
d:\xashfe\dev\src\temp\engine\!release\pm_surface.obj
d:\xashfe\dev\src\temp\engine\!release\pm_debug.obj
d:\xashfe\dev\src\temp\engine\!release\net_ws.obj
d:\xashfe\dev\src\temp\engine\!release\net_encode.obj
d:\xashfe\dev\src\temp\engine\!release\net_chan.obj
d:\xashfe\dev\src\temp\engine\!release\net_buffer.obj
d:\xashfe\dev\src\temp\engine\!release\sv_world.obj
d:\xashfe\dev\src\temp\engine\!release\sv_save.obj
d:\xashfe\dev\src\temp\engine\!release\sv_pmove.obj
d:\xashfe\dev\src\temp\engine\!release\sv_phys.obj
d:\xashfe\dev\src\temp\engine\!release\sv_move.obj
d:\xashfe\dev\src\temp\engine\!release\sv_main.obj
d:\xashfe\dev\src\temp\engine\!release\sv_log.obj
d:\xashfe\dev\src\temp\engine\!release\sv_init.obj
d:\xashfe\dev\src\temp\engine\!release\sv_game.obj
d:\xashfe\dev\src\temp\engine\!release\vgui_surf.obj
d:\xashfe\dev\src\temp\engine\!release\vgui_int.obj
d:\xashfe\dev\src\temp\engine\!release\vgui_input.obj
d:\xashfe\dev\src\temp\engine\!release\vgui_clip.obj
d:\xashfe\dev\src\temp\engine\!release\xash.lib
d:\xashfe\dev\src\temp\engine\!release\xash.exp
d:\xashfe\xash.dll
d:\xashfe\dev\engine.pdb
d:\xashfe\dev\src\temp\engine\!release\engine.tlog\cl.command.1.tlog
d:\xashfe\dev\src\temp\engine\!release\engine.tlog\cl.read.1.tlog
d:\xashfe\dev\src\temp\engine\!release\engine.tlog\cl.write.1.tlog
d:\xashfe\dev\src\temp\engine\!release\engine.tlog\engine.write.1u.tlog
d:\xashfe\dev\src\temp\engine\!release\engine.tlog\link.command.1.tlog
d:\xashfe\dev\src\temp\engine\!release\engine.tlog\link.read.1.tlog
d:\xashfe\dev\src\temp\engine\!release\engine.tlog\link.write.1.tlog
