d:\xashfe\dev\src\temp\dlls\!release\hl.bsc
d:\xashfe\dev\src\temp\dlls\!release\vc142.pdb
d:\xashfe\dev\src\temp\dlls\!release\voice_gamemgr.sbr
d:\xashfe\dev\src\temp\dlls\!release\aflock.sbr
d:\xashfe\dev\src\temp\dlls\!release\agrunt.sbr
d:\xashfe\dev\src\temp\dlls\!release\airtank.sbr
d:\xashfe\dev\src\temp\dlls\!release\animating.sbr
d:\xashfe\dev\src\temp\dlls\!release\animation.sbr
d:\xashfe\dev\src\temp\dlls\!release\apache.sbr
d:\xashfe\dev\src\temp\dlls\!release\barnacle.sbr
d:\xashfe\dev\src\temp\dlls\!release\barney.sbr
d:\xashfe\dev\src\temp\dlls\!release\bigmomma.sbr
d:\xashfe\dev\src\temp\dlls\!release\bloater.sbr
d:\xashfe\dev\src\temp\dlls\!release\bmodels.sbr
d:\xashfe\dev\src\temp\dlls\!release\bullsquid.sbr
d:\xashfe\dev\src\temp\dlls\!release\buttons.sbr
d:\xashfe\dev\src\temp\dlls\!release\cbase.sbr
d:\xashfe\dev\src\temp\dlls\!release\client.sbr
d:\xashfe\dev\src\temp\dlls\!release\combat.sbr
d:\xashfe\dev\src\temp\dlls\!release\controller.sbr
d:\xashfe\dev\src\temp\dlls\!release\crossbow.sbr
d:\xashfe\dev\src\temp\dlls\!release\crowbar.sbr
d:\xashfe\dev\src\temp\dlls\!release\crowbar.obj
d:\xashfe\dev\src\temp\dlls\!release\crossbow.obj
d:\xashfe\dev\src\temp\dlls\!release\controller.obj
d:\xashfe\dev\src\temp\dlls\!release\combat.obj
d:\xashfe\dev\src\temp\dlls\!release\client.obj
d:\xashfe\dev\src\temp\dlls\!release\cbase.obj
d:\xashfe\dev\src\temp\dlls\!release\buttons.obj
d:\xashfe\dev\src\temp\dlls\!release\bullsquid.obj
d:\xashfe\dev\src\temp\dlls\!release\bmodels.obj
d:\xashfe\dev\src\temp\dlls\!release\bloater.obj
d:\xashfe\dev\src\temp\dlls\!release\bigmomma.obj
d:\xashfe\dev\src\temp\dlls\!release\barney.obj
d:\xashfe\dev\src\temp\dlls\!release\barnacle.obj
d:\xashfe\dev\src\temp\dlls\!release\apache.obj
d:\xashfe\dev\src\temp\dlls\!release\animation.obj
d:\xashfe\dev\src\temp\dlls\!release\animating.obj
d:\xashfe\dev\src\temp\dlls\!release\airtank.obj
d:\xashfe\dev\src\temp\dlls\!release\agrunt.obj
d:\xashfe\dev\src\temp\dlls\!release\aflock.obj
d:\xashfe\dev\src\temp\dlls\!release\voice_gamemgr.obj
d:\xashfe\dev\src\temp\dlls\!release\defaultai.sbr
d:\xashfe\dev\src\temp\dlls\!release\doors.sbr
d:\xashfe\dev\src\temp\dlls\!release\effects.sbr
d:\xashfe\dev\src\temp\dlls\!release\egon.sbr
d:\xashfe\dev\src\temp\dlls\!release\explode.sbr
d:\xashfe\dev\src\temp\dlls\!release\flyingmonster.sbr
d:\xashfe\dev\src\temp\dlls\!release\func_break.sbr
d:\xashfe\dev\src\temp\dlls\!release\func_tank.sbr
d:\xashfe\dev\src\temp\dlls\!release\game.sbr
d:\xashfe\dev\src\temp\dlls\!release\gamerules.sbr
d:\xashfe\dev\src\temp\dlls\!release\gargantua.sbr
d:\xashfe\dev\src\temp\dlls\!release\gauss.sbr
d:\xashfe\dev\src\temp\dlls\!release\genericmonster.sbr
d:\xashfe\dev\src\temp\dlls\!release\ggrenade.sbr
d:\xashfe\dev\src\temp\dlls\!release\globals.sbr
d:\xashfe\dev\src\temp\dlls\!release\glock.sbr
d:\xashfe\dev\src\temp\dlls\!release\gman.sbr
d:\xashfe\dev\src\temp\dlls\!release\handgrenade.sbr
d:\xashfe\dev\src\temp\dlls\!release\hassassin.sbr
d:\xashfe\dev\src\temp\dlls\!release\headcrab.sbr
d:\xashfe\dev\src\temp\dlls\!release\headcrab.obj
d:\xashfe\dev\src\temp\dlls\!release\hassassin.obj
d:\xashfe\dev\src\temp\dlls\!release\handgrenade.obj
d:\xashfe\dev\src\temp\dlls\!release\gman.obj
d:\xashfe\dev\src\temp\dlls\!release\glock.obj
d:\xashfe\dev\src\temp\dlls\!release\globals.obj
d:\xashfe\dev\src\temp\dlls\!release\ggrenade.obj
d:\xashfe\dev\src\temp\dlls\!release\genericmonster.obj
d:\xashfe\dev\src\temp\dlls\!release\gauss.obj
d:\xashfe\dev\src\temp\dlls\!release\gargantua.obj
d:\xashfe\dev\src\temp\dlls\!release\gamerules.obj
d:\xashfe\dev\src\temp\dlls\!release\game.obj
d:\xashfe\dev\src\temp\dlls\!release\func_tank.obj
d:\xashfe\dev\src\temp\dlls\!release\func_break.obj
d:\xashfe\dev\src\temp\dlls\!release\flyingmonster.obj
d:\xashfe\dev\src\temp\dlls\!release\explode.obj
d:\xashfe\dev\src\temp\dlls\!release\egon.obj
d:\xashfe\dev\src\temp\dlls\!release\effects.obj
d:\xashfe\dev\src\temp\dlls\!release\doors.obj
d:\xashfe\dev\src\temp\dlls\!release\defaultai.obj
d:\xashfe\dev\src\temp\dlls\!release\healthkit.sbr
d:\xashfe\dev\src\temp\dlls\!release\hgrunt.sbr
d:\xashfe\dev\src\temp\dlls\!release\hornet.sbr
d:\xashfe\dev\src\temp\dlls\!release\hornetgun.sbr
d:\xashfe\dev\src\temp\dlls\!release\houndeye.sbr
d:\xashfe\dev\src\temp\dlls\!release\h_ai.sbr
d:\xashfe\dev\src\temp\dlls\!release\h_battery.sbr
d:\xashfe\dev\src\temp\dlls\!release\h_cine.sbr
d:\xashfe\dev\src\temp\dlls\!release\h_cycler.sbr
d:\xashfe\dev\src\temp\dlls\!release\h_export.sbr
d:\xashfe\dev\src\temp\dlls\!release\ichthyosaur.sbr
d:\xashfe\dev\src\temp\dlls\!release\islave.sbr
d:\xashfe\dev\src\temp\dlls\!release\items.sbr
d:\xashfe\dev\src\temp\dlls\!release\leech.sbr
d:\xashfe\dev\src\temp\dlls\!release\lights.sbr
d:\xashfe\dev\src\temp\dlls\!release\maprules.sbr
d:\xashfe\dev\src\temp\dlls\!release\monstermaker.sbr
d:\xashfe\dev\src\temp\dlls\!release\monsters.sbr
d:\xashfe\dev\src\temp\dlls\!release\monsterstate.sbr
d:\xashfe\dev\src\temp\dlls\!release\mortar.sbr
d:\xashfe\dev\src\temp\dlls\!release\mortar.obj
d:\xashfe\dev\src\temp\dlls\!release\monsterstate.obj
d:\xashfe\dev\src\temp\dlls\!release\monsters.obj
d:\xashfe\dev\src\temp\dlls\!release\monstermaker.obj
d:\xashfe\dev\src\temp\dlls\!release\maprules.obj
d:\xashfe\dev\src\temp\dlls\!release\lights.obj
d:\xashfe\dev\src\temp\dlls\!release\leech.obj
d:\xashfe\dev\src\temp\dlls\!release\items.obj
d:\xashfe\dev\src\temp\dlls\!release\islave.obj
d:\xashfe\dev\src\temp\dlls\!release\ichthyosaur.obj
d:\xashfe\dev\src\temp\dlls\!release\h_export.obj
d:\xashfe\dev\src\temp\dlls\!release\h_cycler.obj
d:\xashfe\dev\src\temp\dlls\!release\h_cine.obj
d:\xashfe\dev\src\temp\dlls\!release\h_battery.obj
d:\xashfe\dev\src\temp\dlls\!release\h_ai.obj
d:\xashfe\dev\src\temp\dlls\!release\houndeye.obj
d:\xashfe\dev\src\temp\dlls\!release\hornetgun.obj
d:\xashfe\dev\src\temp\dlls\!release\hornet.obj
d:\xashfe\dev\src\temp\dlls\!release\hgrunt.obj
d:\xashfe\dev\src\temp\dlls\!release\healthkit.obj
d:\xashfe\dev\src\temp\dlls\!release\mp5.sbr
d:\xashfe\dev\src\temp\dlls\!release\multiplay_gamerules.sbr
d:\xashfe\dev\src\temp\dlls\!release\nihilanth.sbr
d:\xashfe\dev\src\temp\dlls\!release\nodes.sbr
d:\xashfe\dev\src\temp\dlls\!release\osprey.sbr
d:\xashfe\dev\src\temp\dlls\!release\pathcorner.sbr
d:\xashfe\dev\src\temp\dlls\!release\plane.sbr
d:\xashfe\dev\src\temp\dlls\!release\plats.sbr
d:\xashfe\dev\src\temp\dlls\!release\player.sbr
d:\xashfe\dev\src\temp\dlls\!release\python.sbr
d:\xashfe\dev\src\temp\dlls\!release\rat.sbr
d:\xashfe\dev\src\temp\dlls\!release\roach.sbr
d:\xashfe\dev\src\temp\dlls\!release\rpg.sbr
d:\xashfe\dev\src\temp\dlls\!release\satchel.sbr
d:\xashfe\dev\src\temp\dlls\!release\schedule.sbr
d:\xashfe\dev\src\temp\dlls\!release\scientist.sbr
d:\xashfe\dev\src\temp\dlls\!release\scripted.sbr
d:\xashfe\dev\src\temp\dlls\!release\shotgun.sbr
d:\xashfe\dev\src\temp\dlls\!release\singleplay_gamerules.sbr
d:\xashfe\dev\src\temp\dlls\!release\skill.sbr
d:\xashfe\dev\src\temp\dlls\!release\skill.obj
d:\xashfe\dev\src\temp\dlls\!release\singleplay_gamerules.obj
d:\xashfe\dev\src\temp\dlls\!release\shotgun.obj
d:\xashfe\dev\src\temp\dlls\!release\scripted.obj
d:\xashfe\dev\src\temp\dlls\!release\scientist.obj
d:\xashfe\dev\src\temp\dlls\!release\schedule.obj
d:\xashfe\dev\src\temp\dlls\!release\satchel.obj
d:\xashfe\dev\src\temp\dlls\!release\rpg.obj
d:\xashfe\dev\src\temp\dlls\!release\roach.obj
d:\xashfe\dev\src\temp\dlls\!release\rat.obj
d:\xashfe\dev\src\temp\dlls\!release\python.obj
d:\xashfe\dev\src\temp\dlls\!release\player.obj
d:\xashfe\dev\src\temp\dlls\!release\plats.obj
d:\xashfe\dev\src\temp\dlls\!release\plane.obj
d:\xashfe\dev\src\temp\dlls\!release\pathcorner.obj
d:\xashfe\dev\src\temp\dlls\!release\osprey.obj
d:\xashfe\dev\src\temp\dlls\!release\nodes.obj
d:\xashfe\dev\src\temp\dlls\!release\nihilanth.obj
d:\xashfe\dev\src\temp\dlls\!release\multiplay_gamerules.obj
d:\xashfe\dev\src\temp\dlls\!release\mp5.obj
d:\xashfe\dev\src\temp\dlls\!release\sound.sbr
d:\xashfe\dev\src\temp\dlls\!release\soundent.sbr
d:\xashfe\dev\src\temp\dlls\!release\spectator.sbr
d:\xashfe\dev\src\temp\dlls\!release\squadmonster.sbr
d:\xashfe\dev\src\temp\dlls\!release\squeakgrenade.sbr
d:\xashfe\dev\src\temp\dlls\!release\subs.sbr
d:\xashfe\dev\src\temp\dlls\!release\talkmonster.sbr
d:\xashfe\dev\src\temp\dlls\!release\teamplay_gamerules.sbr
d:\xashfe\dev\src\temp\dlls\!release\tempmonster.sbr
d:\xashfe\dev\src\temp\dlls\!release\tentacle.sbr
d:\xashfe\dev\src\temp\dlls\!release\triggers.sbr
d:\xashfe\dev\src\temp\dlls\!release\tripmine.sbr
d:\xashfe\dev\src\temp\dlls\!release\turret.sbr
d:\xashfe\dev\src\temp\dlls\!release\util.sbr
d:\xashfe\dev\src\temp\dlls\!release\weapons.sbr
d:\xashfe\dev\src\temp\dlls\!release\world.sbr
d:\xashfe\dev\src\temp\dlls\!release\xen.sbr
d:\xashfe\dev\src\temp\dlls\!release\zombie.sbr
d:\xashfe\dev\src\temp\dlls\!release\zombie.obj
d:\xashfe\dev\src\temp\dlls\!release\xen.obj
d:\xashfe\dev\src\temp\dlls\!release\world.obj
d:\xashfe\dev\src\temp\dlls\!release\weapons.obj
d:\xashfe\dev\src\temp\dlls\!release\util.obj
d:\xashfe\dev\src\temp\dlls\!release\turret.obj
d:\xashfe\dev\src\temp\dlls\!release\tripmine.obj
d:\xashfe\dev\src\temp\dlls\!release\triggers.obj
d:\xashfe\dev\src\temp\dlls\!release\tentacle.obj
d:\xashfe\dev\src\temp\dlls\!release\tempmonster.obj
d:\xashfe\dev\src\temp\dlls\!release\teamplay_gamerules.obj
d:\xashfe\dev\src\temp\dlls\!release\talkmonster.obj
d:\xashfe\dev\src\temp\dlls\!release\subs.obj
d:\xashfe\dev\src\temp\dlls\!release\squeakgrenade.obj
d:\xashfe\dev\src\temp\dlls\!release\squadmonster.obj
d:\xashfe\dev\src\temp\dlls\!release\spectator.obj
d:\xashfe\dev\src\temp\dlls\!release\soundent.obj
d:\xashfe\dev\src\temp\dlls\!release\sound.obj
d:\xashfe\dev\src\temp\dlls\!release\pm_debug.sbr
d:\xashfe\dev\src\temp\dlls\!release\pm_math.sbr
d:\xashfe\dev\src\temp\dlls\!release\pm_shared.sbr
d:\xashfe\dev\src\temp\dlls\!release\pm_shared.obj
d:\xashfe\dev\src\temp\dlls\!release\pm_math.obj
d:\xashfe\dev\src\temp\dlls\!release\pm_debug.obj
d:\xashfe\dev\src\temp\dlls\!release\hl.lib
d:\xashfe\dev\src\temp\dlls\!release\hl.exp
d:\xashfe\dev\fareast\dlls\hl.dll
d:\xashfe\dev\fareast\dlls\hl.pdb
d:\xashfe\dev\src\temp\dlls\!release\hl.tlog\bscmake.command.1.tlog
d:\xashfe\dev\src\temp\dlls\!release\hl.tlog\bscmake.read.1.tlog
d:\xashfe\dev\src\temp\dlls\!release\hl.tlog\bscmake.write.1.tlog
d:\xashfe\dev\src\temp\dlls\!release\hl.tlog\cl.command.1.tlog
d:\xashfe\dev\src\temp\dlls\!release\hl.tlog\cl.read.1.tlog
d:\xashfe\dev\src\temp\dlls\!release\hl.tlog\cl.write.1.tlog
d:\xashfe\dev\src\temp\dlls\!release\hl.tlog\hl.write.1u.tlog
d:\xashfe\dev\src\temp\dlls\!release\hl.tlog\link.command.1.tlog
d:\xashfe\dev\src\temp\dlls\!release\hl.tlog\link.read.1.tlog
d:\xashfe\dev\src\temp\dlls\!release\hl.tlog\link.write.1.tlog
